2017/08/29 14:07:22[{/index.php}] ******* Data Receiver start ******* from {210.175.7.20}
2017/08/29 14:07:22[{/index.php}] Array
(
    [ShopID] => 9101590853858
    [ShopPass] => **********
    [AccessID] => 9f6bd1122494d879cec3ec1e78ce9f4f
    [AccessPass] => ********************************
    [OrderID] => 361-29140721
    [Status] => REQSUCCESS
    [JobCd] => 
    [Amount] => 4140
    [Tax] => 0
    [Currency] => JPN
    [Forward] => 
    [Method] => 
    [PayTimes] => 
    [TranID] => 17082900000093383019
    [Approve] => 
    [TranDate] => 20170829140722
    [ErrCode] => 
    [ErrInfo] => 
    [PayType] => 3
    [CvsCode] => 10001
    [CvsConfNo] => 7634
    [CvsReceiptNo] => 91724193310928
    [EdyReceiptNo] => 
    [EdyOrderNo] => 
    [SuicaReceiptNo] => 
    [SuicaOrderNo] => 
    [CustID] => 
    [BkCode] => 
    [ConfNo] => 
    [PaymentTerm] => 20170912235959
    [EncryptReceiptNo] => 
    [FinishDate] => 
    [ReceiptDate] => 20170829140722
    [PayeasyPaymentURL] => 
    [WebMoneyManagementNo] => 
    [WebMoneySettleCode] => 
    [AuPayInfoNo] => 
    [AuPayMethod] => 
    [AuCancelAmount] => 
    [AuCancelTax] => 
    [DocomoSettlementCode] => 
    [DocomoCancelAmount] => 
    [DocomoCancelTax] => 
    [DocomoIncreaseAmount] => 
    [DocomoIncreaseTax] => 
    [SbTrackingId] => 
    [SbCancelAmount] => 
    [SbCancelTax] => 
    [JibunReceiptNo] => 
    [AuFirstAmount] => 
    [AuFirstTax] => 
    [AuAccountMonth] => 
    [AuContinueAccountId] => 
    [JcbPrecaSalesCode] => 
    [RequestNo] => 
    [AccountNo] => 
    [CenterCode] => 
    [NetCashPayType] => 
    [OrderDate] => 
    [CompletionDate] => 
    [RakutenidCouponFee] => 
    [McpPayInDate] => 
    [McpPayInAmount] => 
    [McpPayOutDate] => 
    [McpPayOutAmount] => 
    [RED_REQ_ID] => 
    [RED_ORD_ID] => 
    [RED_STAT_CD] => 
    [RED_FRAUD_STAT_CD] => 
    [RED_FRAUD_RSP_CD] => 
    [RED_FRAUD_REC_ID] => 
    [ProductName] => 
    [CancelAmount] => 
    [CancelTax] => 
    [PayMethod] => 
    [VaRequestAmount] => 
    [VaExpireDate] => 
    [VaTradeReason] => 
    [VaTradeClientName] => 
    [VaTradeClientMailaddress] => 
    [VaBankCode] => 
    [VaBankName] => 
    [VaBranchCode] => 
    [VaBranchName] => 
    [VaAccountType] => 
    [VaAccountNumber] => 
    [VaInInquiryNumber] => 
    [VaInSettlementDate] => 
    [VaInAmount] => 
    [VaInClientCode] => 
    [VaInClientName] => 
    [VaInSummary] => 
    [VaReserveID] => 
    [VaTradeCode] => 
    [SbStartChargeMonth] => 
    [SbChargeDay] => 
    [RcCustomerId] => 
    [RcUsePoint] => 
    [RcOrderId] => 
    [RcUpdateAuthDay] => 
    [RcUseCoupon] => 
    [RcUseShopCoupon] => 
    [RcContractId] => 
    [RcStartChargeMonth] => 
    [RcChargeDay] => 
    [RecurringID] => 
    [RecurringMethod] => 
    [RecurringChargeStartDate] => 
    [RecurringChargeStopDate] => 
    [RecurringChargeMonth] => 
    [RecurringChargeDay] => 
    [RecurringNextChargeDate] => 
    [BaSiteId] => 
    [BaMemberId] => 
    [BaTargetDate] => 
    [BaRequestAcceptEndDate] => 
    [BaTransferReturnDate] => 
    [BaWithdrawalDate] => 
    [BaResultcode] => 
    [PaidCancelAmount] => 
    [PaidCancelTax] => 
    [PaidBuyerID] => 
    [PaidCode] => 
    [PrecaNo] => 
    [PrecaSeq] => 
    [PrecaExpireDate] => 
    [ChargeType] => 
    [QuickID] => 
    [CampaignUrl] => 
    [DocomoAcceptCode] => 
    [PvFrontBillKey] => 
    [PvResultCode] => 
    [PvReceiptDatetime] => 
    [PvReceiptAgencyCode] => 
    [PvBarcode] => 
    [PvCvsCode] => 
    [PvCvsBranchCode] => 
    [PvPaymentAmount] => 
)
 from {210.175.7.20}
2017/08/29 14:07:22[{/index.php}] ******* Data Receiver end ******* from {210.175.7.20}
2017/08/29 14:07:22[{/index.php}] Receive OrderID = 361 from {210.175.7.20}
2017/08/29 14:07:31[{/index.php}] 1 from {210.175.7.20}
2017/08/29 15:10:29[{/index.php}] ******* Data Receiver start ******* from {210.175.7.20}
2017/08/29 15:10:29[{/index.php}] Array
(
    [ShopID] => 9101590853858
    [ShopPass] => **********
    [AccessID] => 9f6bd1122494d879cec3ec1e78ce9f4f
    [AccessPass] => ********************************
    [OrderID] => 361-29140721
    [Status] => REQSUCCESS
    [JobCd] => 
    [Amount] => 4140
    [Tax] => 0
    [Currency] => JPN
    [Forward] => 
    [Method] => 
    [PayTimes] => 
    [TranID] => 17082900000093383019
    [Approve] => 
    [TranDate] => 20170829140722
    [ErrCode] => 
    [ErrInfo] => 
    [PayType] => 3
    [CvsCode] => 10001
    [CvsConfNo] => 7634
    [CvsReceiptNo] => 91724193310928
    [EdyReceiptNo] => 
    [EdyOrderNo] => 
    [SuicaReceiptNo] => 
    [SuicaOrderNo] => 
    [CustID] => 
    [BkCode] => 
    [ConfNo] => 
    [PaymentTerm] => 20170912235959
    [EncryptReceiptNo] => 
    [FinishDate] => 
    [ReceiptDate] => 20170829140722
    [PayeasyPaymentURL] => 
    [WebMoneyManagementNo] => 
    [WebMoneySettleCode] => 
    [AuPayInfoNo] => 
    [AuPayMethod] => 
    [AuCancelAmount] => 
    [AuCancelTax] => 
    [DocomoSettlementCode] => 
    [DocomoCancelAmount] => 
    [DocomoCancelTax] => 
    [DocomoIncreaseAmount] => 
    [DocomoIncreaseTax] => 
    [SbTrackingId] => 
    [SbCancelAmount] => 
    [SbCancelTax] => 
    [JibunReceiptNo] => 
    [AuFirstAmount] => 
    [AuFirstTax] => 
    [AuAccountMonth] => 
    [AuContinueAccountId] => 
    [JcbPrecaSalesCode] => 
    [RequestNo] => 
    [AccountNo] => 
    [CenterCode] => 
    [NetCashPayType] => 
    [OrderDate] => 
    [CompletionDate] => 
    [RakutenidCouponFee] => 
    [McpPayInDate] => 
    [McpPayInAmount] => 
    [McpPayOutDate] => 
    [McpPayOutAmount] => 
    [RED_REQ_ID] => 
    [RED_ORD_ID] => 
    [RED_STAT_CD] => 
    [RED_FRAUD_STAT_CD] => 
    [RED_FRAUD_RSP_CD] => 
    [RED_FRAUD_REC_ID] => 
    [ProductName] => 
    [CancelAmount] => 
    [CancelTax] => 
    [PayMethod] => 
    [VaRequestAmount] => 
    [VaExpireDate] => 
    [VaTradeReason] => 
    [VaTradeClientName] => 
    [VaTradeClientMailaddress] => 
    [VaBankCode] => 
    [VaBankName] => 
    [VaBranchCode] => 
    [VaBranchName] => 
    [VaAccountType] => 
    [VaAccountNumber] => 
    [VaInInquiryNumber] => 
    [VaInSettlementDate] => 
    [VaInAmount] => 
    [VaInClientCode] => 
    [VaInClientName] => 
    [VaInSummary] => 
    [VaReserveID] => 
    [VaTradeCode] => 
    [SbStartChargeMonth] => 
    [SbChargeDay] => 
    [RcCustomerId] => 
    [RcUsePoint] => 
    [RcOrderId] => 
    [RcUpdateAuthDay] => 
    [RcUseCoupon] => 
    [RcUseShopCoupon] => 
    [RcContractId] => 
    [RcStartChargeMonth] => 
    [RcChargeDay] => 
    [RecurringID] => 
    [RecurringMethod] => 
    [RecurringChargeStartDate] => 
    [RecurringChargeStopDate] => 
    [RecurringChargeMonth] => 
    [RecurringChargeDay] => 
    [RecurringNextChargeDate] => 
    [BaSiteId] => 
    [BaMemberId] => 
    [BaTargetDate] => 
    [BaRequestAcceptEndDate] => 
    [BaTransferReturnDate] => 
    [BaWithdrawalDate] => 
    [BaResultcode] => 
    [PaidCancelAmount] => 
    [PaidCancelTax] => 
    [PaidBuyerID] => 
    [PaidCode] => 
    [PrecaNo] => 
    [PrecaSeq] => 
    [PrecaExpireDate] => 
    [ChargeType] => 
    [QuickID] => 
    [CampaignUrl] => 
    [DocomoAcceptCode] => 
    [PvFrontBillKey] => 
    [PvResultCode] => 
    [PvReceiptDatetime] => 
    [PvReceiptAgencyCode] => 
    [PvBarcode] => 
    [PvCvsCode] => 
    [PvCvsBranchCode] => 
    [PvPaymentAmount] => 
)
 from {210.175.7.20}
2017/08/29 15:10:29[{/index.php}] ******* Data Receiver end ******* from {210.175.7.20}
2017/08/29 15:10:29[{/index.php}] Receive OrderID = 361 from {210.175.7.20}
2017/08/29 15:10:39[{/index.php}] 1 from {210.175.7.20}
2017/08/29 16:15:25[{/index.php}] ******* Data Receiver start ******* from {210.175.7.20}
2017/08/29 16:15:25[{/index.php}] Array
(
    [ShopID] => 9101590853858
    [ShopPass] => **********
    [AccessID] => 9f6bd1122494d879cec3ec1e78ce9f4f
    [AccessPass] => ********************************
    [OrderID] => 361-29140721
    [Status] => REQSUCCESS
    [JobCd] => 
    [Amount] => 4140
    [Tax] => 0
    [Currency] => JPN
    [Forward] => 
    [Method] => 
    [PayTimes] => 
    [TranID] => 17082900000093383019
    [Approve] => 
    [TranDate] => 20170829140722
    [ErrCode] => 
    [ErrInfo] => 
    [PayType] => 3
    [CvsCode] => 10001
    [CvsConfNo] => 7634
    [CvsReceiptNo] => 91724193310928
    [EdyReceiptNo] => 
    [EdyOrderNo] => 
    [SuicaReceiptNo] => 
    [SuicaOrderNo] => 
    [CustID] => 
    [BkCode] => 
    [ConfNo] => 
    [PaymentTerm] => 20170912235959
    [EncryptReceiptNo] => 
    [FinishDate] => 
    [ReceiptDate] => 20170829140722
    [PayeasyPaymentURL] => 
    [WebMoneyManagementNo] => 
    [WebMoneySettleCode] => 
    [AuPayInfoNo] => 
    [AuPayMethod] => 
    [AuCancelAmount] => 
    [AuCancelTax] => 
    [DocomoSettlementCode] => 
    [DocomoCancelAmount] => 
    [DocomoCancelTax] => 
    [DocomoIncreaseAmount] => 
    [DocomoIncreaseTax] => 
    [SbTrackingId] => 
    [SbCancelAmount] => 
    [SbCancelTax] => 
    [JibunReceiptNo] => 
    [AuFirstAmount] => 
    [AuFirstTax] => 
    [AuAccountMonth] => 
    [AuContinueAccountId] => 
    [JcbPrecaSalesCode] => 
    [RequestNo] => 
    [AccountNo] => 
    [CenterCode] => 
    [NetCashPayType] => 
    [OrderDate] => 
    [CompletionDate] => 
    [RakutenidCouponFee] => 
    [McpPayInDate] => 
    [McpPayInAmount] => 
    [McpPayOutDate] => 
    [McpPayOutAmount] => 
    [RED_REQ_ID] => 
    [RED_ORD_ID] => 
    [RED_STAT_CD] => 
    [RED_FRAUD_STAT_CD] => 
    [RED_FRAUD_RSP_CD] => 
    [RED_FRAUD_REC_ID] => 
    [ProductName] => 
    [CancelAmount] => 
    [CancelTax] => 
    [PayMethod] => 
    [VaRequestAmount] => 
    [VaExpireDate] => 
    [VaTradeReason] => 
    [VaTradeClientName] => 
    [VaTradeClientMailaddress] => 
    [VaBankCode] => 
    [VaBankName] => 
    [VaBranchCode] => 
    [VaBranchName] => 
    [VaAccountType] => 
    [VaAccountNumber] => 
    [VaInInquiryNumber] => 
    [VaInSettlementDate] => 
    [VaInAmount] => 
    [VaInClientCode] => 
    [VaInClientName] => 
    [VaInSummary] => 
    [VaReserveID] => 
    [VaTradeCode] => 
    [SbStartChargeMonth] => 
    [SbChargeDay] => 
    [RcCustomerId] => 
    [RcUsePoint] => 
    [RcOrderId] => 
    [RcUpdateAuthDay] => 
    [RcUseCoupon] => 
    [RcUseShopCoupon] => 
    [RcContractId] => 
    [RcStartChargeMonth] => 
    [RcChargeDay] => 
    [RecurringID] => 
    [RecurringMethod] => 
    [RecurringChargeStartDate] => 
    [RecurringChargeStopDate] => 
    [RecurringChargeMonth] => 
    [RecurringChargeDay] => 
    [RecurringNextChargeDate] => 
    [BaSiteId] => 
    [BaMemberId] => 
    [BaTargetDate] => 
    [BaRequestAcceptEndDate] => 
    [BaTransferReturnDate] => 
    [BaWithdrawalDate] => 
    [BaResultcode] => 
    [PaidCancelAmount] => 
    [PaidCancelTax] => 
    [PaidBuyerID] => 
    [PaidCode] => 
    [PrecaNo] => 
    [PrecaSeq] => 
    [PrecaExpireDate] => 
    [ChargeType] => 
    [QuickID] => 
    [CampaignUrl] => 
    [DocomoAcceptCode] => 
    [PvFrontBillKey] => 
    [PvResultCode] => 
    [PvReceiptDatetime] => 
    [PvReceiptAgencyCode] => 
    [PvBarcode] => 
    [PvCvsCode] => 
    [PvCvsBranchCode] => 
    [PvPaymentAmount] => 
)
 from {210.175.7.20}
2017/08/29 16:15:25[{/index.php}] ******* Data Receiver end ******* from {210.175.7.20}
2017/08/29 16:15:25[{/index.php}] Receive OrderID = 361 from {210.175.7.20}
2017/08/29 16:15:35[{/index.php}] 1 from {210.175.7.20}
2017/08/29 17:20:23[{/index.php}] ******* Data Receiver start ******* from {210.175.7.20}
2017/08/29 17:20:23[{/index.php}] Array
(
    [ShopID] => 9101590853858
    [ShopPass] => **********
    [AccessID] => 9f6bd1122494d879cec3ec1e78ce9f4f
    [AccessPass] => ********************************
    [OrderID] => 361-29140721
    [Status] => REQSUCCESS
    [JobCd] => 
    [Amount] => 4140
    [Tax] => 0
    [Currency] => JPN
    [Forward] => 
    [Method] => 
    [PayTimes] => 
    [TranID] => 17082900000093383019
    [Approve] => 
    [TranDate] => 20170829140722
    [ErrCode] => 
    [ErrInfo] => 
    [PayType] => 3
    [CvsCode] => 10001
    [CvsConfNo] => 7634
    [CvsReceiptNo] => 91724193310928
    [EdyReceiptNo] => 
    [EdyOrderNo] => 
    [SuicaReceiptNo] => 
    [SuicaOrderNo] => 
    [CustID] => 
    [BkCode] => 
    [ConfNo] => 
    [PaymentTerm] => 20170912235959
    [EncryptReceiptNo] => 
    [FinishDate] => 
    [ReceiptDate] => 20170829140722
    [PayeasyPaymentURL] => 
    [WebMoneyManagementNo] => 
    [WebMoneySettleCode] => 
    [AuPayInfoNo] => 
    [AuPayMethod] => 
    [AuCancelAmount] => 
    [AuCancelTax] => 
    [DocomoSettlementCode] => 
    [DocomoCancelAmount] => 
    [DocomoCancelTax] => 
    [DocomoIncreaseAmount] => 
    [DocomoIncreaseTax] => 
    [SbTrackingId] => 
    [SbCancelAmount] => 
    [SbCancelTax] => 
    [JibunReceiptNo] => 
    [AuFirstAmount] => 
    [AuFirstTax] => 
    [AuAccountMonth] => 
    [AuContinueAccountId] => 
    [JcbPrecaSalesCode] => 
    [RequestNo] => 
    [AccountNo] => 
    [CenterCode] => 
    [NetCashPayType] => 
    [OrderDate] => 
    [CompletionDate] => 
    [RakutenidCouponFee] => 
    [McpPayInDate] => 
    [McpPayInAmount] => 
    [McpPayOutDate] => 
    [McpPayOutAmount] => 
    [RED_REQ_ID] => 
    [RED_ORD_ID] => 
    [RED_STAT_CD] => 
    [RED_FRAUD_STAT_CD] => 
    [RED_FRAUD_RSP_CD] => 
    [RED_FRAUD_REC_ID] => 
    [ProductName] => 
    [CancelAmount] => 
    [CancelTax] => 
    [PayMethod] => 
    [VaRequestAmount] => 
    [VaExpireDate] => 
    [VaTradeReason] => 
    [VaTradeClientName] => 
    [VaTradeClientMailaddress] => 
    [VaBankCode] => 
    [VaBankName] => 
    [VaBranchCode] => 
    [VaBranchName] => 
    [VaAccountType] => 
    [VaAccountNumber] => 
    [VaInInquiryNumber] => 
    [VaInSettlementDate] => 
    [VaInAmount] => 
    [VaInClientCode] => 
    [VaInClientName] => 
    [VaInSummary] => 
    [VaReserveID] => 
    [VaTradeCode] => 
    [SbStartChargeMonth] => 
    [SbChargeDay] => 
    [RcCustomerId] => 
    [RcUsePoint] => 
    [RcOrderId] => 
    [RcUpdateAuthDay] => 
    [RcUseCoupon] => 
    [RcUseShopCoupon] => 
    [RcContractId] => 
    [RcStartChargeMonth] => 
    [RcChargeDay] => 
    [RecurringID] => 
    [RecurringMethod] => 
    [RecurringChargeStartDate] => 
    [RecurringChargeStopDate] => 
    [RecurringChargeMonth] => 
    [RecurringChargeDay] => 
    [RecurringNextChargeDate] => 
    [BaSiteId] => 
    [BaMemberId] => 
    [BaTargetDate] => 
    [BaRequestAcceptEndDate] => 
    [BaTransferReturnDate] => 
    [BaWithdrawalDate] => 
    [BaResultcode] => 
    [PaidCancelAmount] => 
    [PaidCancelTax] => 
    [PaidBuyerID] => 
    [PaidCode] => 
    [PrecaNo] => 
    [PrecaSeq] => 
    [PrecaExpireDate] => 
    [ChargeType] => 
    [QuickID] => 
    [CampaignUrl] => 
    [DocomoAcceptCode] => 
    [PvFrontBillKey] => 
    [PvResultCode] => 
    [PvReceiptDatetime] => 
    [PvReceiptAgencyCode] => 
    [PvBarcode] => 
    [PvCvsCode] => 
    [PvCvsBranchCode] => 
    [PvPaymentAmount] => 
)
 from {210.175.7.20}
2017/08/29 17:20:23[{/index.php}] ******* Data Receiver end ******* from {210.175.7.20}
2017/08/29 17:20:23[{/index.php}] Receive OrderID = 361 from {210.175.7.20}
2017/08/29 17:20:33[{/index.php}] 1 from {210.175.7.20}
2017/08/29 18:25:26[{/index.php}] ******* Data Receiver start ******* from {210.175.7.20}
2017/08/29 18:25:26[{/index.php}] Array
(
    [ShopID] => 9101590853858
    [ShopPass] => **********
    [AccessID] => 9f6bd1122494d879cec3ec1e78ce9f4f
    [AccessPass] => ********************************
    [OrderID] => 361-29140721
    [Status] => REQSUCCESS
    [JobCd] => 
    [Amount] => 4140
    [Tax] => 0
    [Currency] => JPN
    [Forward] => 
    [Method] => 
    [PayTimes] => 
    [TranID] => 17082900000093383019
    [Approve] => 
    [TranDate] => 20170829140722
    [ErrCode] => 
    [ErrInfo] => 
    [PayType] => 3
    [CvsCode] => 10001
    [CvsConfNo] => 7634
    [CvsReceiptNo] => 91724193310928
    [EdyReceiptNo] => 
    [EdyOrderNo] => 
    [SuicaReceiptNo] => 
    [SuicaOrderNo] => 
    [CustID] => 
    [BkCode] => 
    [ConfNo] => 
    [PaymentTerm] => 20170912235959
    [EncryptReceiptNo] => 
    [FinishDate] => 
    [ReceiptDate] => 20170829140722
    [PayeasyPaymentURL] => 
    [WebMoneyManagementNo] => 
    [WebMoneySettleCode] => 
    [AuPayInfoNo] => 
    [AuPayMethod] => 
    [AuCancelAmount] => 
    [AuCancelTax] => 
    [DocomoSettlementCode] => 
    [DocomoCancelAmount] => 
    [DocomoCancelTax] => 
    [DocomoIncreaseAmount] => 
    [DocomoIncreaseTax] => 
    [SbTrackingId] => 
    [SbCancelAmount] => 
    [SbCancelTax] => 
    [JibunReceiptNo] => 
    [AuFirstAmount] => 
    [AuFirstTax] => 
    [AuAccountMonth] => 
    [AuContinueAccountId] => 
    [JcbPrecaSalesCode] => 
    [RequestNo] => 
    [AccountNo] => 
    [CenterCode] => 
    [NetCashPayType] => 
    [OrderDate] => 
    [CompletionDate] => 
    [RakutenidCouponFee] => 
    [McpPayInDate] => 
    [McpPayInAmount] => 
    [McpPayOutDate] => 
    [McpPayOutAmount] => 
    [RED_REQ_ID] => 
    [RED_ORD_ID] => 
    [RED_STAT_CD] => 
    [RED_FRAUD_STAT_CD] => 
    [RED_FRAUD_RSP_CD] => 
    [RED_FRAUD_REC_ID] => 
    [ProductName] => 
    [CancelAmount] => 
    [CancelTax] => 
    [PayMethod] => 
    [VaRequestAmount] => 
    [VaExpireDate] => 
    [VaTradeReason] => 
    [VaTradeClientName] => 
    [VaTradeClientMailaddress] => 
    [VaBankCode] => 
    [VaBankName] => 
    [VaBranchCode] => 
    [VaBranchName] => 
    [VaAccountType] => 
    [VaAccountNumber] => 
    [VaInInquiryNumber] => 
    [VaInSettlementDate] => 
    [VaInAmount] => 
    [VaInClientCode] => 
    [VaInClientName] => 
    [VaInSummary] => 
    [VaReserveID] => 
    [VaTradeCode] => 
    [SbStartChargeMonth] => 
    [SbChargeDay] => 
    [RcCustomerId] => 
    [RcUsePoint] => 
    [RcOrderId] => 
    [RcUpdateAuthDay] => 
    [RcUseCoupon] => 
    [RcUseShopCoupon] => 
    [RcContractId] => 
    [RcStartChargeMonth] => 
    [RcChargeDay] => 
    [RecurringID] => 
    [RecurringMethod] => 
    [RecurringChargeStartDate] => 
    [RecurringChargeStopDate] => 
    [RecurringChargeMonth] => 
    [RecurringChargeDay] => 
    [RecurringNextChargeDate] => 
    [BaSiteId] => 
    [BaMemberId] => 
    [BaTargetDate] => 
    [BaRequestAcceptEndDate] => 
    [BaTransferReturnDate] => 
    [BaWithdrawalDate] => 
    [BaResultcode] => 
    [PaidCancelAmount] => 
    [PaidCancelTax] => 
    [PaidBuyerID] => 
    [PaidCode] => 
    [PrecaNo] => 
    [PrecaSeq] => 
    [PrecaExpireDate] => 
    [ChargeType] => 
    [QuickID] => 
    [CampaignUrl] => 
    [DocomoAcceptCode] => 
    [PvFrontBillKey] => 
    [PvResultCode] => 
    [PvReceiptDatetime] => 
    [PvReceiptAgencyCode] => 
    [PvBarcode] => 
    [PvCvsCode] => 
    [PvCvsBranchCode] => 
    [PvPaymentAmount] => 
)
 from {210.175.7.20}
2017/08/29 18:25:26[{/index.php}] ******* Data Receiver end ******* from {210.175.7.20}
2017/08/29 18:25:26[{/index.php}] Receive OrderID = 361 from {210.175.7.20}
2017/08/29 18:25:35[{/index.php}] 1 from {210.175.7.20}
2017/08/29 19:30:21[{/index.php}] ******* Data Receiver start ******* from {210.175.7.20}
2017/08/29 19:30:21[{/index.php}] Array
(
    [ShopID] => 9101590853858
    [ShopPass] => **********
    [AccessID] => 9f6bd1122494d879cec3ec1e78ce9f4f
    [AccessPass] => ********************************
    [OrderID] => 361-29140721
    [Status] => REQSUCCESS
    [JobCd] => 
    [Amount] => 4140
    [Tax] => 0
    [Currency] => JPN
    [Forward] => 
    [Method] => 
    [PayTimes] => 
    [TranID] => 17082900000093383019
    [Approve] => 
    [TranDate] => 20170829140722
    [ErrCode] => 
    [ErrInfo] => 
    [PayType] => 3
    [CvsCode] => 10001
    [CvsConfNo] => 7634
    [CvsReceiptNo] => 91724193310928
    [EdyReceiptNo] => 
    [EdyOrderNo] => 
    [SuicaReceiptNo] => 
    [SuicaOrderNo] => 
    [CustID] => 
    [BkCode] => 
    [ConfNo] => 
    [PaymentTerm] => 20170912235959
    [EncryptReceiptNo] => 
    [FinishDate] => 
    [ReceiptDate] => 20170829140722
    [PayeasyPaymentURL] => 
    [WebMoneyManagementNo] => 
    [WebMoneySettleCode] => 
    [AuPayInfoNo] => 
    [AuPayMethod] => 
    [AuCancelAmount] => 
    [AuCancelTax] => 
    [DocomoSettlementCode] => 
    [DocomoCancelAmount] => 
    [DocomoCancelTax] => 
    [DocomoIncreaseAmount] => 
    [DocomoIncreaseTax] => 
    [SbTrackingId] => 
    [SbCancelAmount] => 
    [SbCancelTax] => 
    [JibunReceiptNo] => 
    [AuFirstAmount] => 
    [AuFirstTax] => 
    [AuAccountMonth] => 
    [AuContinueAccountId] => 
    [JcbPrecaSalesCode] => 
    [RequestNo] => 
    [AccountNo] => 
    [CenterCode] => 
    [NetCashPayType] => 
    [OrderDate] => 
    [CompletionDate] => 
    [RakutenidCouponFee] => 
    [McpPayInDate] => 
    [McpPayInAmount] => 
    [McpPayOutDate] => 
    [McpPayOutAmount] => 
    [RED_REQ_ID] => 
    [RED_ORD_ID] => 
    [RED_STAT_CD] => 
    [RED_FRAUD_STAT_CD] => 
    [RED_FRAUD_RSP_CD] => 
    [RED_FRAUD_REC_ID] => 
    [ProductName] => 
    [CancelAmount] => 
    [CancelTax] => 
    [PayMethod] => 
    [VaRequestAmount] => 
    [VaExpireDate] => 
    [VaTradeReason] => 
    [VaTradeClientName] => 
    [VaTradeClientMailaddress] => 
    [VaBankCode] => 
    [VaBankName] => 
    [VaBranchCode] => 
    [VaBranchName] => 
    [VaAccountType] => 
    [VaAccountNumber] => 
    [VaInInquiryNumber] => 
    [VaInSettlementDate] => 
    [VaInAmount] => 
    [VaInClientCode] => 
    [VaInClientName] => 
    [VaInSummary] => 
    [VaReserveID] => 
    [VaTradeCode] => 
    [SbStartChargeMonth] => 
    [SbChargeDay] => 
    [RcCustomerId] => 
    [RcUsePoint] => 
    [RcOrderId] => 
    [RcUpdateAuthDay] => 
    [RcUseCoupon] => 
    [RcUseShopCoupon] => 
    [RcContractId] => 
    [RcStartChargeMonth] => 
    [RcChargeDay] => 
    [RecurringID] => 
    [RecurringMethod] => 
    [RecurringChargeStartDate] => 
    [RecurringChargeStopDate] => 
    [RecurringChargeMonth] => 
    [RecurringChargeDay] => 
    [RecurringNextChargeDate] => 
    [BaSiteId] => 
    [BaMemberId] => 
    [BaTargetDate] => 
    [BaRequestAcceptEndDate] => 
    [BaTransferReturnDate] => 
    [BaWithdrawalDate] => 
    [BaResultcode] => 
    [PaidCancelAmount] => 
    [PaidCancelTax] => 
    [PaidBuyerID] => 
    [PaidCode] => 
    [PrecaNo] => 
    [PrecaSeq] => 
    [PrecaExpireDate] => 
    [ChargeType] => 
    [QuickID] => 
    [CampaignUrl] => 
    [DocomoAcceptCode] => 
    [PvFrontBillKey] => 
    [PvResultCode] => 
    [PvReceiptDatetime] => 
    [PvReceiptAgencyCode] => 
    [PvBarcode] => 
    [PvCvsCode] => 
    [PvCvsBranchCode] => 
    [PvPaymentAmount] => 
)
 from {210.175.7.20}
2017/08/29 19:30:21[{/index.php}] ******* Data Receiver end ******* from {210.175.7.20}
2017/08/29 19:30:21[{/index.php}] Receive OrderID = 361 from {210.175.7.20}
2017/08/29 19:30:30[{/index.php}] 1 from {210.175.7.20}
