2017/09/06 11:51:34[{/index.php}] ******* Data Receiver start ******* from {210.197.108.196}
2017/09/06 11:51:34[{/index.php}] Array
(
    [ShopID] => tshop00029684
    [ShopPass] => **********
    [AccessID] => 4356c5cdb83ea453e21ed5f2f67b5bba
    [AccessPass] => ********************************
    [OrderID] => 366-06115133
    [Status] => REQSUCCESS
    [JobCd] => 
    [Amount] => 13770
    [Tax] => 0
    [Currency] => JPN
    [Forward] => 
    [Method] => 
    [PayTimes] => 
    [TranID] => 17090600000003275121
    [Approve] => 
    [TranDate] => 20170906115133
    [ErrCode] => 
    [ErrInfo] => 
    [PayType] => 3
    [CvsCode] => 10001
    [CvsConfNo] => 6526
    [CvsReceiptNo] => LW172490056931
    [EdyReceiptNo] => 
    [EdyOrderNo] => 
    [SuicaReceiptNo] => 
    [SuicaOrderNo] => 
    [CustID] => 
    [BkCode] => 
    [ConfNo] => 
    [PaymentTerm] => 20170920235959
    [EncryptReceiptNo] => 
    [FinishDate] => 
    [ReceiptDate] => 20170906115133
    [PayeasyPaymentURL] => 
    [WebMoneyManagementNo] => 
    [WebMoneySettleCode] => 
    [AuPayInfoNo] => 
    [AuPayMethod] => 
    [AuCancelAmount] => 
    [AuCancelTax] => 
    [DocomoSettlementCode] => 
    [DocomoCancelAmount] => 
    [DocomoCancelTax] => 
    [DocomoIncreaseAmount] => 
    [DocomoIncreaseTax] => 
    [SbTrackingId] => 
    [SbCancelAmount] => 
    [SbCancelTax] => 
    [JibunReceiptNo] => 
    [AuFirstAmount] => 
    [AuFirstTax] => 
    [AuAccountMonth] => 
    [AuContinueAccountId] => 
    [JcbPrecaSalesCode] => 
    [RequestNo] => 
    [AccountNo] => 
    [CenterCode] => 
    [NetCashPayType] => 
    [OrderDate] => 
    [CompletionDate] => 
    [RakutenidCouponFee] => 
    [McpPayInDate] => 
    [McpPayInAmount] => 
    [McpPayOutDate] => 
    [McpPayOutAmount] => 
    [RED_REQ_ID] => 
    [RED_ORD_ID] => 
    [RED_STAT_CD] => 
    [RED_FRAUD_STAT_CD] => 
    [RED_FRAUD_RSP_CD] => 
    [RED_FRAUD_REC_ID] => 
    [ProductName] => 
    [CancelAmount] => 
    [CancelTax] => 
    [PayMethod] => 
    [VaRequestAmount] => 
    [VaExpireDate] => 
    [VaTradeReason] => 
    [VaTradeClientName] => 
    [VaTradeClientMailaddress] => 
    [VaBankCode] => 
    [VaBankName] => 
    [VaBranchCode] => 
    [VaBranchName] => 
    [VaAccountType] => 
    [VaAccountNumber] => 
    [VaInInquiryNumber] => 
    [VaInSettlementDate] => 
    [VaInAmount] => 
    [VaInClientCode] => 
    [VaInClientName] => 
    [VaInSummary] => 
    [VaReserveID] => 
    [VaTradeCode] => 
    [SbStartChargeMonth] => 
    [SbChargeDay] => 
    [RcCustomerId] => 
    [RcUsePoint] => 
    [RcOrderId] => 
    [RcUpdateAuthDay] => 
    [RcUseCoupon] => 
    [RcUseShopCoupon] => 
    [RcContractId] => 
    [RcStartChargeMonth] => 
    [RcChargeDay] => 
    [RecurringID] => 
    [RecurringMethod] => 
    [RecurringChargeStartDate] => 
    [RecurringChargeStopDate] => 
    [RecurringChargeMonth] => 
    [RecurringChargeDay] => 
    [RecurringNextChargeDate] => 
    [BaSiteId] => 
    [BaMemberId] => 
    [BaTargetDate] => 
    [BaRequestAcceptEndDate] => 
    [BaTransferReturnDate] => 
    [BaWithdrawalDate] => 
    [BaResultcode] => 
    [PaidCancelAmount] => 
    [PaidCancelTax] => 
    [PaidBuyerID] => 
    [PaidCode] => 
    [PrecaNo] => 
    [PrecaSeq] => 
    [PrecaExpireDate] => 
    [ChargeType] => 
    [QuickID] => 
    [CampaignUrl] => 
    [DocomoAcceptCode] => 
    [PvFrontBillKey] => 
    [PvResultCode] => 
    [PvReceiptDatetime] => 
    [PvReceiptAgencyCode] => 
    [PvBarcode] => 
    [PvCvsCode] => 
    [PvCvsBranchCode] => 
    [PvPaymentAmount] => 
)
 from {210.197.108.196}
2017/09/06 11:51:34[{/index.php}] ******* Data Receiver end ******* from {210.197.108.196}
2017/09/06 11:51:34[{/index.php}] Receive OrderID = 366 from {210.197.108.196}
2017/09/06 11:51:43[{/index.php}] 1 from {210.197.108.196}
2017/09/06 12:04:20[{/index.php}] ******* Data Receiver start ******* from {210.197.108.196}
2017/09/06 12:04:20[{/index.php}] Array
(
    [ShopID] => tshop00029684
    [ShopPass] => **********
    [AccessID] => 4356c5cdb83ea453e21ed5f2f67b5bba
    [AccessPass] => ********************************
    [OrderID] => 366-06115133
    [Status] => REQSUCCESS
    [JobCd] => 
    [Amount] => 13770
    [Tax] => 0
    [Currency] => JPN
    [Forward] => 
    [Method] => 
    [PayTimes] => 
    [TranID] => 17090600000003275121
    [Approve] => 
    [TranDate] => 20170906115133
    [ErrCode] => 
    [ErrInfo] => 
    [PayType] => 3
    [CvsCode] => 10001
    [CvsConfNo] => 6526
    [CvsReceiptNo] => LW172490056931
    [EdyReceiptNo] => 
    [EdyOrderNo] => 
    [SuicaReceiptNo] => 
    [SuicaOrderNo] => 
    [CustID] => 
    [BkCode] => 
    [ConfNo] => 
    [PaymentTerm] => 20170920235959
    [EncryptReceiptNo] => 
    [FinishDate] => 
    [ReceiptDate] => 20170906115133
    [PayeasyPaymentURL] => 
    [WebMoneyManagementNo] => 
    [WebMoneySettleCode] => 
    [AuPayInfoNo] => 
    [AuPayMethod] => 
    [AuCancelAmount] => 
    [AuCancelTax] => 
    [DocomoSettlementCode] => 
    [DocomoCancelAmount] => 
    [DocomoCancelTax] => 
    [DocomoIncreaseAmount] => 
    [DocomoIncreaseTax] => 
    [SbTrackingId] => 
    [SbCancelAmount] => 
    [SbCancelTax] => 
    [JibunReceiptNo] => 
    [AuFirstAmount] => 
    [AuFirstTax] => 
    [AuAccountMonth] => 
    [AuContinueAccountId] => 
    [JcbPrecaSalesCode] => 
    [RequestNo] => 
    [AccountNo] => 
    [CenterCode] => 
    [NetCashPayType] => 
    [OrderDate] => 
    [CompletionDate] => 
    [RakutenidCouponFee] => 
    [McpPayInDate] => 
    [McpPayInAmount] => 
    [McpPayOutDate] => 
    [McpPayOutAmount] => 
    [RED_REQ_ID] => 
    [RED_ORD_ID] => 
    [RED_STAT_CD] => 
    [RED_FRAUD_STAT_CD] => 
    [RED_FRAUD_RSP_CD] => 
    [RED_FRAUD_REC_ID] => 
    [ProductName] => 
    [CancelAmount] => 
    [CancelTax] => 
    [PayMethod] => 
    [VaRequestAmount] => 
    [VaExpireDate] => 
    [VaTradeReason] => 
    [VaTradeClientName] => 
    [VaTradeClientMailaddress] => 
    [VaBankCode] => 
    [VaBankName] => 
    [VaBranchCode] => 
    [VaBranchName] => 
    [VaAccountType] => 
    [VaAccountNumber] => 
    [VaInInquiryNumber] => 
    [VaInSettlementDate] => 
    [VaInAmount] => 
    [VaInClientCode] => 
    [VaInClientName] => 
    [VaInSummary] => 
    [VaReserveID] => 
    [VaTradeCode] => 
    [SbStartChargeMonth] => 
    [SbChargeDay] => 
    [RcCustomerId] => 
    [RcUsePoint] => 
    [RcOrderId] => 
    [RcUpdateAuthDay] => 
    [RcUseCoupon] => 
    [RcUseShopCoupon] => 
    [RcContractId] => 
    [RcStartChargeMonth] => 
    [RcChargeDay] => 
    [RecurringID] => 
    [RecurringMethod] => 
    [RecurringChargeStartDate] => 
    [RecurringChargeStopDate] => 
    [RecurringChargeMonth] => 
    [RecurringChargeDay] => 
    [RecurringNextChargeDate] => 
    [BaSiteId] => 
    [BaMemberId] => 
    [BaTargetDate] => 
    [BaRequestAcceptEndDate] => 
    [BaTransferReturnDate] => 
    [BaWithdrawalDate] => 
    [BaResultcode] => 
    [PaidCancelAmount] => 
    [PaidCancelTax] => 
    [PaidBuyerID] => 
    [PaidCode] => 
    [PrecaNo] => 
    [PrecaSeq] => 
    [PrecaExpireDate] => 
    [ChargeType] => 
    [QuickID] => 
    [CampaignUrl] => 
    [DocomoAcceptCode] => 
    [PvFrontBillKey] => 
    [PvResultCode] => 
    [PvReceiptDatetime] => 
    [PvReceiptAgencyCode] => 
    [PvBarcode] => 
    [PvCvsCode] => 
    [PvCvsBranchCode] => 
    [PvPaymentAmount] => 
)
 from {210.197.108.196}
2017/09/06 12:04:20[{/index.php}] ******* Data Receiver end ******* from {210.197.108.196}
2017/09/06 12:04:20[{/index.php}] Receive OrderID = 366 from {210.197.108.196}
2017/09/06 12:04:29[{/index.php}] 1 from {210.197.108.196}
2017/09/06 12:18:39[{/index.php}] ******* Data Receiver start ******* from {210.197.108.196}
2017/09/06 12:18:39[{/index.php}] Array
(
    [ShopID] => tshop00029684
    [ShopPass] => **********
    [AccessID] => 4356c5cdb83ea453e21ed5f2f67b5bba
    [AccessPass] => ********************************
    [OrderID] => 366-06115133
    [Status] => REQSUCCESS
    [JobCd] => 
    [Amount] => 13770
    [Tax] => 0
    [Currency] => JPN
    [Forward] => 
    [Method] => 
    [PayTimes] => 
    [TranID] => 17090600000003275121
    [Approve] => 
    [TranDate] => 20170906115133
    [ErrCode] => 
    [ErrInfo] => 
    [PayType] => 3
    [CvsCode] => 10001
    [CvsConfNo] => 6526
    [CvsReceiptNo] => LW172490056931
    [EdyReceiptNo] => 
    [EdyOrderNo] => 
    [SuicaReceiptNo] => 
    [SuicaOrderNo] => 
    [CustID] => 
    [BkCode] => 
    [ConfNo] => 
    [PaymentTerm] => 20170920235959
    [EncryptReceiptNo] => 
    [FinishDate] => 
    [ReceiptDate] => 20170906115133
    [PayeasyPaymentURL] => 
    [WebMoneyManagementNo] => 
    [WebMoneySettleCode] => 
    [AuPayInfoNo] => 
    [AuPayMethod] => 
    [AuCancelAmount] => 
    [AuCancelTax] => 
    [DocomoSettlementCode] => 
    [DocomoCancelAmount] => 
    [DocomoCancelTax] => 
    [DocomoIncreaseAmount] => 
    [DocomoIncreaseTax] => 
    [SbTrackingId] => 
    [SbCancelAmount] => 
    [SbCancelTax] => 
    [JibunReceiptNo] => 
    [AuFirstAmount] => 
    [AuFirstTax] => 
    [AuAccountMonth] => 
    [AuContinueAccountId] => 
    [JcbPrecaSalesCode] => 
    [RequestNo] => 
    [AccountNo] => 
    [CenterCode] => 
    [NetCashPayType] => 
    [OrderDate] => 
    [CompletionDate] => 
    [RakutenidCouponFee] => 
    [McpPayInDate] => 
    [McpPayInAmount] => 
    [McpPayOutDate] => 
    [McpPayOutAmount] => 
    [RED_REQ_ID] => 
    [RED_ORD_ID] => 
    [RED_STAT_CD] => 
    [RED_FRAUD_STAT_CD] => 
    [RED_FRAUD_RSP_CD] => 
    [RED_FRAUD_REC_ID] => 
    [ProductName] => 
    [CancelAmount] => 
    [CancelTax] => 
    [PayMethod] => 
    [VaRequestAmount] => 
    [VaExpireDate] => 
    [VaTradeReason] => 
    [VaTradeClientName] => 
    [VaTradeClientMailaddress] => 
    [VaBankCode] => 
    [VaBankName] => 
    [VaBranchCode] => 
    [VaBranchName] => 
    [VaAccountType] => 
    [VaAccountNumber] => 
    [VaInInquiryNumber] => 
    [VaInSettlementDate] => 
    [VaInAmount] => 
    [VaInClientCode] => 
    [VaInClientName] => 
    [VaInSummary] => 
    [VaReserveID] => 
    [VaTradeCode] => 
    [SbStartChargeMonth] => 
    [SbChargeDay] => 
    [RcCustomerId] => 
    [RcUsePoint] => 
    [RcOrderId] => 
    [RcUpdateAuthDay] => 
    [RcUseCoupon] => 
    [RcUseShopCoupon] => 
    [RcContractId] => 
    [RcStartChargeMonth] => 
    [RcChargeDay] => 
    [RecurringID] => 
    [RecurringMethod] => 
    [RecurringChargeStartDate] => 
    [RecurringChargeStopDate] => 
    [RecurringChargeMonth] => 
    [RecurringChargeDay] => 
    [RecurringNextChargeDate] => 
    [BaSiteId] => 
    [BaMemberId] => 
    [BaTargetDate] => 
    [BaRequestAcceptEndDate] => 
    [BaTransferReturnDate] => 
    [BaWithdrawalDate] => 
    [BaResultcode] => 
    [PaidCancelAmount] => 
    [PaidCancelTax] => 
    [PaidBuyerID] => 
    [PaidCode] => 
    [PrecaNo] => 
    [PrecaSeq] => 
    [PrecaExpireDate] => 
    [ChargeType] => 
    [QuickID] => 
    [CampaignUrl] => 
    [DocomoAcceptCode] => 
    [PvFrontBillKey] => 
    [PvResultCode] => 
    [PvReceiptDatetime] => 
    [PvReceiptAgencyCode] => 
    [PvBarcode] => 
    [PvCvsCode] => 
    [PvCvsBranchCode] => 
    [PvPaymentAmount] => 
)
 from {210.197.108.196}
2017/09/06 12:18:39[{/index.php}] ******* Data Receiver end ******* from {210.197.108.196}
2017/09/06 12:18:39[{/index.php}] Receive OrderID = 366 from {210.197.108.196}
2017/09/06 12:18:48[{/index.php}] 1 from {210.197.108.196}
2017/09/06 12:33:15[{/index.php}] ******* Data Receiver start ******* from {210.197.108.196}
2017/09/06 12:33:15[{/index.php}] Array
(
    [ShopID] => tshop00029684
    [ShopPass] => **********
    [AccessID] => 4356c5cdb83ea453e21ed5f2f67b5bba
    [AccessPass] => ********************************
    [OrderID] => 366-06115133
    [Status] => REQSUCCESS
    [JobCd] => 
    [Amount] => 13770
    [Tax] => 0
    [Currency] => JPN
    [Forward] => 
    [Method] => 
    [PayTimes] => 
    [TranID] => 17090600000003275121
    [Approve] => 
    [TranDate] => 20170906115133
    [ErrCode] => 
    [ErrInfo] => 
    [PayType] => 3
    [CvsCode] => 10001
    [CvsConfNo] => 6526
    [CvsReceiptNo] => LW172490056931
    [EdyReceiptNo] => 
    [EdyOrderNo] => 
    [SuicaReceiptNo] => 
    [SuicaOrderNo] => 
    [CustID] => 
    [BkCode] => 
    [ConfNo] => 
    [PaymentTerm] => 20170920235959
    [EncryptReceiptNo] => 
    [FinishDate] => 
    [ReceiptDate] => 20170906115133
    [PayeasyPaymentURL] => 
    [WebMoneyManagementNo] => 
    [WebMoneySettleCode] => 
    [AuPayInfoNo] => 
    [AuPayMethod] => 
    [AuCancelAmount] => 
    [AuCancelTax] => 
    [DocomoSettlementCode] => 
    [DocomoCancelAmount] => 
    [DocomoCancelTax] => 
    [DocomoIncreaseAmount] => 
    [DocomoIncreaseTax] => 
    [SbTrackingId] => 
    [SbCancelAmount] => 
    [SbCancelTax] => 
    [JibunReceiptNo] => 
    [AuFirstAmount] => 
    [AuFirstTax] => 
    [AuAccountMonth] => 
    [AuContinueAccountId] => 
    [JcbPrecaSalesCode] => 
    [RequestNo] => 
    [AccountNo] => 
    [CenterCode] => 
    [NetCashPayType] => 
    [OrderDate] => 
    [CompletionDate] => 
    [RakutenidCouponFee] => 
    [McpPayInDate] => 
    [McpPayInAmount] => 
    [McpPayOutDate] => 
    [McpPayOutAmount] => 
    [RED_REQ_ID] => 
    [RED_ORD_ID] => 
    [RED_STAT_CD] => 
    [RED_FRAUD_STAT_CD] => 
    [RED_FRAUD_RSP_CD] => 
    [RED_FRAUD_REC_ID] => 
    [ProductName] => 
    [CancelAmount] => 
    [CancelTax] => 
    [PayMethod] => 
    [VaRequestAmount] => 
    [VaExpireDate] => 
    [VaTradeReason] => 
    [VaTradeClientName] => 
    [VaTradeClientMailaddress] => 
    [VaBankCode] => 
    [VaBankName] => 
    [VaBranchCode] => 
    [VaBranchName] => 
    [VaAccountType] => 
    [VaAccountNumber] => 
    [VaInInquiryNumber] => 
    [VaInSettlementDate] => 
    [VaInAmount] => 
    [VaInClientCode] => 
    [VaInClientName] => 
    [VaInSummary] => 
    [VaReserveID] => 
    [VaTradeCode] => 
    [SbStartChargeMonth] => 
    [SbChargeDay] => 
    [RcCustomerId] => 
    [RcUsePoint] => 
    [RcOrderId] => 
    [RcUpdateAuthDay] => 
    [RcUseCoupon] => 
    [RcUseShopCoupon] => 
    [RcContractId] => 
    [RcStartChargeMonth] => 
    [RcChargeDay] => 
    [RecurringID] => 
    [RecurringMethod] => 
    [RecurringChargeStartDate] => 
    [RecurringChargeStopDate] => 
    [RecurringChargeMonth] => 
    [RecurringChargeDay] => 
    [RecurringNextChargeDate] => 
    [BaSiteId] => 
    [BaMemberId] => 
    [BaTargetDate] => 
    [BaRequestAcceptEndDate] => 
    [BaTransferReturnDate] => 
    [BaWithdrawalDate] => 
    [BaResultcode] => 
    [PaidCancelAmount] => 
    [PaidCancelTax] => 
    [PaidBuyerID] => 
    [PaidCode] => 
    [PrecaNo] => 
    [PrecaSeq] => 
    [PrecaExpireDate] => 
    [ChargeType] => 
    [QuickID] => 
    [CampaignUrl] => 
    [DocomoAcceptCode] => 
    [PvFrontBillKey] => 
    [PvResultCode] => 
    [PvReceiptDatetime] => 
    [PvReceiptAgencyCode] => 
    [PvBarcode] => 
    [PvCvsCode] => 
    [PvCvsBranchCode] => 
    [PvPaymentAmount] => 
)
 from {210.197.108.196}
2017/09/06 12:33:15[{/index.php}] ******* Data Receiver end ******* from {210.197.108.196}
2017/09/06 12:33:15[{/index.php}] Receive OrderID = 366 from {210.197.108.196}
2017/09/06 12:33:25[{/index.php}] 1 from {210.197.108.196}
2017/09/06 12:47:04[{/index.php}] ******* Data Receiver start ******* from {210.197.108.196}
2017/09/06 12:47:04[{/index.php}] Array
(
    [ShopID] => tshop00029684
    [ShopPass] => **********
    [AccessID] => 4356c5cdb83ea453e21ed5f2f67b5bba
    [AccessPass] => ********************************
    [OrderID] => 366-06115133
    [Status] => REQSUCCESS
    [JobCd] => 
    [Amount] => 13770
    [Tax] => 0
    [Currency] => JPN
    [Forward] => 
    [Method] => 
    [PayTimes] => 
    [TranID] => 17090600000003275121
    [Approve] => 
    [TranDate] => 20170906115133
    [ErrCode] => 
    [ErrInfo] => 
    [PayType] => 3
    [CvsCode] => 10001
    [CvsConfNo] => 6526
    [CvsReceiptNo] => LW172490056931
    [EdyReceiptNo] => 
    [EdyOrderNo] => 
    [SuicaReceiptNo] => 
    [SuicaOrderNo] => 
    [CustID] => 
    [BkCode] => 
    [ConfNo] => 
    [PaymentTerm] => 20170920235959
    [EncryptReceiptNo] => 
    [FinishDate] => 
    [ReceiptDate] => 20170906115133
    [PayeasyPaymentURL] => 
    [WebMoneyManagementNo] => 
    [WebMoneySettleCode] => 
    [AuPayInfoNo] => 
    [AuPayMethod] => 
    [AuCancelAmount] => 
    [AuCancelTax] => 
    [DocomoSettlementCode] => 
    [DocomoCancelAmount] => 
    [DocomoCancelTax] => 
    [DocomoIncreaseAmount] => 
    [DocomoIncreaseTax] => 
    [SbTrackingId] => 
    [SbCancelAmount] => 
    [SbCancelTax] => 
    [JibunReceiptNo] => 
    [AuFirstAmount] => 
    [AuFirstTax] => 
    [AuAccountMonth] => 
    [AuContinueAccountId] => 
    [JcbPrecaSalesCode] => 
    [RequestNo] => 
    [AccountNo] => 
    [CenterCode] => 
    [NetCashPayType] => 
    [OrderDate] => 
    [CompletionDate] => 
    [RakutenidCouponFee] => 
    [McpPayInDate] => 
    [McpPayInAmount] => 
    [McpPayOutDate] => 
    [McpPayOutAmount] => 
    [RED_REQ_ID] => 
    [RED_ORD_ID] => 
    [RED_STAT_CD] => 
    [RED_FRAUD_STAT_CD] => 
    [RED_FRAUD_RSP_CD] => 
    [RED_FRAUD_REC_ID] => 
    [ProductName] => 
    [CancelAmount] => 
    [CancelTax] => 
    [PayMethod] => 
    [VaRequestAmount] => 
    [VaExpireDate] => 
    [VaTradeReason] => 
    [VaTradeClientName] => 
    [VaTradeClientMailaddress] => 
    [VaBankCode] => 
    [VaBankName] => 
    [VaBranchCode] => 
    [VaBranchName] => 
    [VaAccountType] => 
    [VaAccountNumber] => 
    [VaInInquiryNumber] => 
    [VaInSettlementDate] => 
    [VaInAmount] => 
    [VaInClientCode] => 
    [VaInClientName] => 
    [VaInSummary] => 
    [VaReserveID] => 
    [VaTradeCode] => 
    [SbStartChargeMonth] => 
    [SbChargeDay] => 
    [RcCustomerId] => 
    [RcUsePoint] => 
    [RcOrderId] => 
    [RcUpdateAuthDay] => 
    [RcUseCoupon] => 
    [RcUseShopCoupon] => 
    [RcContractId] => 
    [RcStartChargeMonth] => 
    [RcChargeDay] => 
    [RecurringID] => 
    [RecurringMethod] => 
    [RecurringChargeStartDate] => 
    [RecurringChargeStopDate] => 
    [RecurringChargeMonth] => 
    [RecurringChargeDay] => 
    [RecurringNextChargeDate] => 
    [BaSiteId] => 
    [BaMemberId] => 
    [BaTargetDate] => 
    [BaRequestAcceptEndDate] => 
    [BaTransferReturnDate] => 
    [BaWithdrawalDate] => 
    [BaResultcode] => 
    [PaidCancelAmount] => 
    [PaidCancelTax] => 
    [PaidBuyerID] => 
    [PaidCode] => 
    [PrecaNo] => 
    [PrecaSeq] => 
    [PrecaExpireDate] => 
    [ChargeType] => 
    [QuickID] => 
    [CampaignUrl] => 
    [DocomoAcceptCode] => 
    [PvFrontBillKey] => 
    [PvResultCode] => 
    [PvReceiptDatetime] => 
    [PvReceiptAgencyCode] => 
    [PvBarcode] => 
    [PvCvsCode] => 
    [PvCvsBranchCode] => 
    [PvPaymentAmount] => 
)
 from {210.197.108.196}
2017/09/06 12:47:04[{/index.php}] ******* Data Receiver end ******* from {210.197.108.196}
2017/09/06 12:47:04[{/index.php}] Receive OrderID = 366 from {210.197.108.196}
2017/09/06 12:47:13[{/index.php}] 1 from {210.197.108.196}
2017/09/06 13:01:19[{/index.php}] ******* Data Receiver start ******* from {210.197.108.196}
2017/09/06 13:01:19[{/index.php}] Array
(
    [ShopID] => tshop00029684
    [ShopPass] => **********
    [AccessID] => 4356c5cdb83ea453e21ed5f2f67b5bba
    [AccessPass] => ********************************
    [OrderID] => 366-06115133
    [Status] => REQSUCCESS
    [JobCd] => 
    [Amount] => 13770
    [Tax] => 0
    [Currency] => JPN
    [Forward] => 
    [Method] => 
    [PayTimes] => 
    [TranID] => 17090600000003275121
    [Approve] => 
    [TranDate] => 20170906115133
    [ErrCode] => 
    [ErrInfo] => 
    [PayType] => 3
    [CvsCode] => 10001
    [CvsConfNo] => 6526
    [CvsReceiptNo] => LW172490056931
    [EdyReceiptNo] => 
    [EdyOrderNo] => 
    [SuicaReceiptNo] => 
    [SuicaOrderNo] => 
    [CustID] => 
    [BkCode] => 
    [ConfNo] => 
    [PaymentTerm] => 20170920235959
    [EncryptReceiptNo] => 
    [FinishDate] => 
    [ReceiptDate] => 20170906115133
    [PayeasyPaymentURL] => 
    [WebMoneyManagementNo] => 
    [WebMoneySettleCode] => 
    [AuPayInfoNo] => 
    [AuPayMethod] => 
    [AuCancelAmount] => 
    [AuCancelTax] => 
    [DocomoSettlementCode] => 
    [DocomoCancelAmount] => 
    [DocomoCancelTax] => 
    [DocomoIncreaseAmount] => 
    [DocomoIncreaseTax] => 
    [SbTrackingId] => 
    [SbCancelAmount] => 
    [SbCancelTax] => 
    [JibunReceiptNo] => 
    [AuFirstAmount] => 
    [AuFirstTax] => 
    [AuAccountMonth] => 
    [AuContinueAccountId] => 
    [JcbPrecaSalesCode] => 
    [RequestNo] => 
    [AccountNo] => 
    [CenterCode] => 
    [NetCashPayType] => 
    [OrderDate] => 
    [CompletionDate] => 
    [RakutenidCouponFee] => 
    [McpPayInDate] => 
    [McpPayInAmount] => 
    [McpPayOutDate] => 
    [McpPayOutAmount] => 
    [RED_REQ_ID] => 
    [RED_ORD_ID] => 
    [RED_STAT_CD] => 
    [RED_FRAUD_STAT_CD] => 
    [RED_FRAUD_RSP_CD] => 
    [RED_FRAUD_REC_ID] => 
    [ProductName] => 
    [CancelAmount] => 
    [CancelTax] => 
    [PayMethod] => 
    [VaRequestAmount] => 
    [VaExpireDate] => 
    [VaTradeReason] => 
    [VaTradeClientName] => 
    [VaTradeClientMailaddress] => 
    [VaBankCode] => 
    [VaBankName] => 
    [VaBranchCode] => 
    [VaBranchName] => 
    [VaAccountType] => 
    [VaAccountNumber] => 
    [VaInInquiryNumber] => 
    [VaInSettlementDate] => 
    [VaInAmount] => 
    [VaInClientCode] => 
    [VaInClientName] => 
    [VaInSummary] => 
    [VaReserveID] => 
    [VaTradeCode] => 
    [SbStartChargeMonth] => 
    [SbChargeDay] => 
    [RcCustomerId] => 
    [RcUsePoint] => 
    [RcOrderId] => 
    [RcUpdateAuthDay] => 
    [RcUseCoupon] => 
    [RcUseShopCoupon] => 
    [RcContractId] => 
    [RcStartChargeMonth] => 
    [RcChargeDay] => 
    [RecurringID] => 
    [RecurringMethod] => 
    [RecurringChargeStartDate] => 
    [RecurringChargeStopDate] => 
    [RecurringChargeMonth] => 
    [RecurringChargeDay] => 
    [RecurringNextChargeDate] => 
    [BaSiteId] => 
    [BaMemberId] => 
    [BaTargetDate] => 
    [BaRequestAcceptEndDate] => 
    [BaTransferReturnDate] => 
    [BaWithdrawalDate] => 
    [BaResultcode] => 
    [PaidCancelAmount] => 
    [PaidCancelTax] => 
    [PaidBuyerID] => 
    [PaidCode] => 
    [PrecaNo] => 
    [PrecaSeq] => 
    [PrecaExpireDate] => 
    [ChargeType] => 
    [QuickID] => 
    [CampaignUrl] => 
    [DocomoAcceptCode] => 
    [PvFrontBillKey] => 
    [PvResultCode] => 
    [PvReceiptDatetime] => 
    [PvReceiptAgencyCode] => 
    [PvBarcode] => 
    [PvCvsCode] => 
    [PvCvsBranchCode] => 
    [PvPaymentAmount] => 
)
 from {210.197.108.196}
2017/09/06 13:01:19[{/index.php}] ******* Data Receiver end ******* from {210.197.108.196}
2017/09/06 13:01:19[{/index.php}] Receive OrderID = 366 from {210.197.108.196}
2017/09/06 13:01:28[{/index.php}] 1 from {210.197.108.196}
