2017/09/07 13:24:20[{/index.php}] ******* Data Receiver start ******* from {210.197.108.196}
2017/09/07 13:24:20[{/index.php}] Array
(
    [ShopID] => tshop00029684
    [ShopPass] => **********
    [AccessID] => 8c9852ac3380e4af382ac8c0ac5b8290
    [AccessPass] => ********************************
    [OrderID] => 369-07132418
    [Status] => REQSUCCESS
    [JobCd] => 
    [Amount] => 14890
    [Tax] => 0
    [Currency] => JPN
    [Forward] => 
    [Method] => 
    [PayTimes] => 
    [TranID] => 17090700000003283459
    [Approve] => 
    [TranDate] => 20170907132419
    [ErrCode] => 
    [ErrInfo] => 
    [PayType] => 3
    [CvsCode] => 10001
    [CvsConfNo] => 7146
    [CvsReceiptNo] => LW172500057411
    [EdyReceiptNo] => 
    [EdyOrderNo] => 
    [SuicaReceiptNo] => 
    [SuicaOrderNo] => 
    [CustID] => 
    [BkCode] => 
    [ConfNo] => 
    [PaymentTerm] => 20170921235959
    [EncryptReceiptNo] => 
    [FinishDate] => 
    [ReceiptDate] => 20170907132419
    [PayeasyPaymentURL] => 
    [WebMoneyManagementNo] => 
    [WebMoneySettleCode] => 
    [AuPayInfoNo] => 
    [AuPayMethod] => 
    [AuCancelAmount] => 
    [AuCancelTax] => 
    [DocomoSettlementCode] => 
    [DocomoCancelAmount] => 
    [DocomoCancelTax] => 
    [DocomoIncreaseAmount] => 
    [DocomoIncreaseTax] => 
    [SbTrackingId] => 
    [SbCancelAmount] => 
    [SbCancelTax] => 
    [JibunReceiptNo] => 
    [AuFirstAmount] => 
    [AuFirstTax] => 
    [AuAccountMonth] => 
    [AuContinueAccountId] => 
    [JcbPrecaSalesCode] => 
    [RequestNo] => 
    [AccountNo] => 
    [CenterCode] => 
    [NetCashPayType] => 
    [OrderDate] => 
    [CompletionDate] => 
    [RakutenidCouponFee] => 
    [McpPayInDate] => 
    [McpPayInAmount] => 
    [McpPayOutDate] => 
    [McpPayOutAmount] => 
    [RED_REQ_ID] => 
    [RED_ORD_ID] => 
    [RED_STAT_CD] => 
    [RED_FRAUD_STAT_CD] => 
    [RED_FRAUD_RSP_CD] => 
    [RED_FRAUD_REC_ID] => 
    [ProductName] => 
    [CancelAmount] => 
    [CancelTax] => 
    [PayMethod] => 
    [VaRequestAmount] => 
    [VaExpireDate] => 
    [VaTradeReason] => 
    [VaTradeClientName] => 
    [VaTradeClientMailaddress] => 
    [VaBankCode] => 
    [VaBankName] => 
    [VaBranchCode] => 
    [VaBranchName] => 
    [VaAccountType] => 
    [VaAccountNumber] => 
    [VaInInquiryNumber] => 
    [VaInSettlementDate] => 
    [VaInAmount] => 
    [VaInClientCode] => 
    [VaInClientName] => 
    [VaInSummary] => 
    [VaReserveID] => 
    [VaTradeCode] => 
    [SbStartChargeMonth] => 
    [SbChargeDay] => 
    [RcCustomerId] => 
    [RcUsePoint] => 
    [RcOrderId] => 
    [RcUpdateAuthDay] => 
    [RcUseCoupon] => 
    [RcUseShopCoupon] => 
    [RcContractId] => 
    [RcStartChargeMonth] => 
    [RcChargeDay] => 
    [RecurringID] => 
    [RecurringMethod] => 
    [RecurringChargeStartDate] => 
    [RecurringChargeStopDate] => 
    [RecurringChargeMonth] => 
    [RecurringChargeDay] => 
    [RecurringNextChargeDate] => 
    [BaSiteId] => 
    [BaMemberId] => 
    [BaTargetDate] => 
    [BaRequestAcceptEndDate] => 
    [BaTransferReturnDate] => 
    [BaWithdrawalDate] => 
    [BaResultcode] => 
    [PaidCancelAmount] => 
    [PaidCancelTax] => 
    [PaidBuyerID] => 
    [PaidCode] => 
    [PrecaNo] => 
    [PrecaSeq] => 
    [PrecaExpireDate] => 
    [ChargeType] => 
    [QuickID] => 
    [CampaignUrl] => 
    [DocomoAcceptCode] => 
    [PvFrontBillKey] => 
    [PvResultCode] => 
    [PvReceiptDatetime] => 
    [PvReceiptAgencyCode] => 
    [PvBarcode] => 
    [PvCvsCode] => 
    [PvCvsBranchCode] => 
    [PvPaymentAmount] => 
)
 from {210.197.108.196}
2017/09/07 13:24:20[{/index.php}] ******* Data Receiver end ******* from {210.197.108.196}
2017/09/07 13:24:20[{/index.php}] Receive OrderID = 369 from {210.197.108.196}
2017/09/07 13:24:29[{/index.php}] 1 from {210.197.108.196}
2017/09/07 13:30:05[{/index.php}] ******* Data Receiver start ******* from {210.197.108.196}
2017/09/07 13:30:05[{/index.php}] Array
(
    [ShopID] => tshop00029684
    [ShopPass] => **********
    [AccessID] => 8c9852ac3380e4af382ac8c0ac5b8290
    [AccessPass] => ********************************
    [OrderID] => 369-07132418
    [Status] => REQSUCCESS
    [JobCd] => 
    [Amount] => 14890
    [Tax] => 0
    [Currency] => JPN
    [Forward] => 
    [Method] => 
    [PayTimes] => 
    [TranID] => 17090700000003283459
    [Approve] => 
    [TranDate] => 20170907132419
    [ErrCode] => 
    [ErrInfo] => 
    [PayType] => 3
    [CvsCode] => 10001
    [CvsConfNo] => 7146
    [CvsReceiptNo] => LW172500057411
    [EdyReceiptNo] => 
    [EdyOrderNo] => 
    [SuicaReceiptNo] => 
    [SuicaOrderNo] => 
    [CustID] => 
    [BkCode] => 
    [ConfNo] => 
    [PaymentTerm] => 20170921235959
    [EncryptReceiptNo] => 
    [FinishDate] => 
    [ReceiptDate] => 20170907132419
    [PayeasyPaymentURL] => 
    [WebMoneyManagementNo] => 
    [WebMoneySettleCode] => 
    [AuPayInfoNo] => 
    [AuPayMethod] => 
    [AuCancelAmount] => 
    [AuCancelTax] => 
    [DocomoSettlementCode] => 
    [DocomoCancelAmount] => 
    [DocomoCancelTax] => 
    [DocomoIncreaseAmount] => 
    [DocomoIncreaseTax] => 
    [SbTrackingId] => 
    [SbCancelAmount] => 
    [SbCancelTax] => 
    [JibunReceiptNo] => 
    [AuFirstAmount] => 
    [AuFirstTax] => 
    [AuAccountMonth] => 
    [AuContinueAccountId] => 
    [JcbPrecaSalesCode] => 
    [RequestNo] => 
    [AccountNo] => 
    [CenterCode] => 
    [NetCashPayType] => 
    [OrderDate] => 
    [CompletionDate] => 
    [RakutenidCouponFee] => 
    [McpPayInDate] => 
    [McpPayInAmount] => 
    [McpPayOutDate] => 
    [McpPayOutAmount] => 
    [RED_REQ_ID] => 
    [RED_ORD_ID] => 
    [RED_STAT_CD] => 
    [RED_FRAUD_STAT_CD] => 
    [RED_FRAUD_RSP_CD] => 
    [RED_FRAUD_REC_ID] => 
    [ProductName] => 
    [CancelAmount] => 
    [CancelTax] => 
    [PayMethod] => 
    [VaRequestAmount] => 
    [VaExpireDate] => 
    [VaTradeReason] => 
    [VaTradeClientName] => 
    [VaTradeClientMailaddress] => 
    [VaBankCode] => 
    [VaBankName] => 
    [VaBranchCode] => 
    [VaBranchName] => 
    [VaAccountType] => 
    [VaAccountNumber] => 
    [VaInInquiryNumber] => 
    [VaInSettlementDate] => 
    [VaInAmount] => 
    [VaInClientCode] => 
    [VaInClientName] => 
    [VaInSummary] => 
    [VaReserveID] => 
    [VaTradeCode] => 
    [SbStartChargeMonth] => 
    [SbChargeDay] => 
    [RcCustomerId] => 
    [RcUsePoint] => 
    [RcOrderId] => 
    [RcUpdateAuthDay] => 
    [RcUseCoupon] => 
    [RcUseShopCoupon] => 
    [RcContractId] => 
    [RcStartChargeMonth] => 
    [RcChargeDay] => 
    [RecurringID] => 
    [RecurringMethod] => 
    [RecurringChargeStartDate] => 
    [RecurringChargeStopDate] => 
    [RecurringChargeMonth] => 
    [RecurringChargeDay] => 
    [RecurringNextChargeDate] => 
    [BaSiteId] => 
    [BaMemberId] => 
    [BaTargetDate] => 
    [BaRequestAcceptEndDate] => 
    [BaTransferReturnDate] => 
    [BaWithdrawalDate] => 
    [BaResultcode] => 
    [PaidCancelAmount] => 
    [PaidCancelTax] => 
    [PaidBuyerID] => 
    [PaidCode] => 
    [PrecaNo] => 
    [PrecaSeq] => 
    [PrecaExpireDate] => 
    [ChargeType] => 
    [QuickID] => 
    [CampaignUrl] => 
    [DocomoAcceptCode] => 
    [PvFrontBillKey] => 
    [PvResultCode] => 
    [PvReceiptDatetime] => 
    [PvReceiptAgencyCode] => 
    [PvBarcode] => 
    [PvCvsCode] => 
    [PvCvsBranchCode] => 
    [PvPaymentAmount] => 
)
 from {210.197.108.196}
2017/09/07 13:30:05[{/index.php}] ******* Data Receiver end ******* from {210.197.108.196}
2017/09/07 13:30:05[{/index.php}] Receive OrderID = 369 from {210.197.108.196}
2017/09/07 13:30:14[{/index.php}] 1 from {210.197.108.196}
2017/09/07 13:40:05[{/index.php}] ******* Data Receiver start ******* from {210.197.108.196}
2017/09/07 13:40:05[{/index.php}] Array
(
    [ShopID] => tshop00029684
    [ShopPass] => **********
    [AccessID] => 8c9852ac3380e4af382ac8c0ac5b8290
    [AccessPass] => ********************************
    [OrderID] => 369-07132418
    [Status] => REQSUCCESS
    [JobCd] => 
    [Amount] => 14890
    [Tax] => 0
    [Currency] => JPN
    [Forward] => 
    [Method] => 
    [PayTimes] => 
    [TranID] => 17090700000003283459
    [Approve] => 
    [TranDate] => 20170907132419
    [ErrCode] => 
    [ErrInfo] => 
    [PayType] => 3
    [CvsCode] => 10001
    [CvsConfNo] => 7146
    [CvsReceiptNo] => LW172500057411
    [EdyReceiptNo] => 
    [EdyOrderNo] => 
    [SuicaReceiptNo] => 
    [SuicaOrderNo] => 
    [CustID] => 
    [BkCode] => 
    [ConfNo] => 
    [PaymentTerm] => 20170921235959
    [EncryptReceiptNo] => 
    [FinishDate] => 
    [ReceiptDate] => 20170907132419
    [PayeasyPaymentURL] => 
    [WebMoneyManagementNo] => 
    [WebMoneySettleCode] => 
    [AuPayInfoNo] => 
    [AuPayMethod] => 
    [AuCancelAmount] => 
    [AuCancelTax] => 
    [DocomoSettlementCode] => 
    [DocomoCancelAmount] => 
    [DocomoCancelTax] => 
    [DocomoIncreaseAmount] => 
    [DocomoIncreaseTax] => 
    [SbTrackingId] => 
    [SbCancelAmount] => 
    [SbCancelTax] => 
    [JibunReceiptNo] => 
    [AuFirstAmount] => 
    [AuFirstTax] => 
    [AuAccountMonth] => 
    [AuContinueAccountId] => 
    [JcbPrecaSalesCode] => 
    [RequestNo] => 
    [AccountNo] => 
    [CenterCode] => 
    [NetCashPayType] => 
    [OrderDate] => 
    [CompletionDate] => 
    [RakutenidCouponFee] => 
    [McpPayInDate] => 
    [McpPayInAmount] => 
    [McpPayOutDate] => 
    [McpPayOutAmount] => 
    [RED_REQ_ID] => 
    [RED_ORD_ID] => 
    [RED_STAT_CD] => 
    [RED_FRAUD_STAT_CD] => 
    [RED_FRAUD_RSP_CD] => 
    [RED_FRAUD_REC_ID] => 
    [ProductName] => 
    [CancelAmount] => 
    [CancelTax] => 
    [PayMethod] => 
    [VaRequestAmount] => 
    [VaExpireDate] => 
    [VaTradeReason] => 
    [VaTradeClientName] => 
    [VaTradeClientMailaddress] => 
    [VaBankCode] => 
    [VaBankName] => 
    [VaBranchCode] => 
    [VaBranchName] => 
    [VaAccountType] => 
    [VaAccountNumber] => 
    [VaInInquiryNumber] => 
    [VaInSettlementDate] => 
    [VaInAmount] => 
    [VaInClientCode] => 
    [VaInClientName] => 
    [VaInSummary] => 
    [VaReserveID] => 
    [VaTradeCode] => 
    [SbStartChargeMonth] => 
    [SbChargeDay] => 
    [RcCustomerId] => 
    [RcUsePoint] => 
    [RcOrderId] => 
    [RcUpdateAuthDay] => 
    [RcUseCoupon] => 
    [RcUseShopCoupon] => 
    [RcContractId] => 
    [RcStartChargeMonth] => 
    [RcChargeDay] => 
    [RecurringID] => 
    [RecurringMethod] => 
    [RecurringChargeStartDate] => 
    [RecurringChargeStopDate] => 
    [RecurringChargeMonth] => 
    [RecurringChargeDay] => 
    [RecurringNextChargeDate] => 
    [BaSiteId] => 
    [BaMemberId] => 
    [BaTargetDate] => 
    [BaRequestAcceptEndDate] => 
    [BaTransferReturnDate] => 
    [BaWithdrawalDate] => 
    [BaResultcode] => 
    [PaidCancelAmount] => 
    [PaidCancelTax] => 
    [PaidBuyerID] => 
    [PaidCode] => 
    [PrecaNo] => 
    [PrecaSeq] => 
    [PrecaExpireDate] => 
    [ChargeType] => 
    [QuickID] => 
    [CampaignUrl] => 
    [DocomoAcceptCode] => 
    [PvFrontBillKey] => 
    [PvResultCode] => 
    [PvReceiptDatetime] => 
    [PvReceiptAgencyCode] => 
    [PvBarcode] => 
    [PvCvsCode] => 
    [PvCvsBranchCode] => 
    [PvPaymentAmount] => 
)
 from {210.197.108.196}
2017/09/07 13:40:05[{/index.php}] ******* Data Receiver end ******* from {210.197.108.196}
2017/09/07 13:40:05[{/index.php}] Receive OrderID = 369 from {210.197.108.196}
2017/09/07 13:40:14[{/index.php}] 1 from {210.197.108.196}
2017/09/07 13:50:03[{/index.php}] ******* Data Receiver start ******* from {210.197.108.196}
2017/09/07 13:50:03[{/index.php}] Array
(
    [ShopID] => tshop00029684
    [ShopPass] => **********
    [AccessID] => 8c9852ac3380e4af382ac8c0ac5b8290
    [AccessPass] => ********************************
    [OrderID] => 369-07132418
    [Status] => REQSUCCESS
    [JobCd] => 
    [Amount] => 14890
    [Tax] => 0
    [Currency] => JPN
    [Forward] => 
    [Method] => 
    [PayTimes] => 
    [TranID] => 17090700000003283459
    [Approve] => 
    [TranDate] => 20170907132419
    [ErrCode] => 
    [ErrInfo] => 
    [PayType] => 3
    [CvsCode] => 10001
    [CvsConfNo] => 7146
    [CvsReceiptNo] => LW172500057411
    [EdyReceiptNo] => 
    [EdyOrderNo] => 
    [SuicaReceiptNo] => 
    [SuicaOrderNo] => 
    [CustID] => 
    [BkCode] => 
    [ConfNo] => 
    [PaymentTerm] => 20170921235959
    [EncryptReceiptNo] => 
    [FinishDate] => 
    [ReceiptDate] => 20170907132419
    [PayeasyPaymentURL] => 
    [WebMoneyManagementNo] => 
    [WebMoneySettleCode] => 
    [AuPayInfoNo] => 
    [AuPayMethod] => 
    [AuCancelAmount] => 
    [AuCancelTax] => 
    [DocomoSettlementCode] => 
    [DocomoCancelAmount] => 
    [DocomoCancelTax] => 
    [DocomoIncreaseAmount] => 
    [DocomoIncreaseTax] => 
    [SbTrackingId] => 
    [SbCancelAmount] => 
    [SbCancelTax] => 
    [JibunReceiptNo] => 
    [AuFirstAmount] => 
    [AuFirstTax] => 
    [AuAccountMonth] => 
    [AuContinueAccountId] => 
    [JcbPrecaSalesCode] => 
    [RequestNo] => 
    [AccountNo] => 
    [CenterCode] => 
    [NetCashPayType] => 
    [OrderDate] => 
    [CompletionDate] => 
    [RakutenidCouponFee] => 
    [McpPayInDate] => 
    [McpPayInAmount] => 
    [McpPayOutDate] => 
    [McpPayOutAmount] => 
    [RED_REQ_ID] => 
    [RED_ORD_ID] => 
    [RED_STAT_CD] => 
    [RED_FRAUD_STAT_CD] => 
    [RED_FRAUD_RSP_CD] => 
    [RED_FRAUD_REC_ID] => 
    [ProductName] => 
    [CancelAmount] => 
    [CancelTax] => 
    [PayMethod] => 
    [VaRequestAmount] => 
    [VaExpireDate] => 
    [VaTradeReason] => 
    [VaTradeClientName] => 
    [VaTradeClientMailaddress] => 
    [VaBankCode] => 
    [VaBankName] => 
    [VaBranchCode] => 
    [VaBranchName] => 
    [VaAccountType] => 
    [VaAccountNumber] => 
    [VaInInquiryNumber] => 
    [VaInSettlementDate] => 
    [VaInAmount] => 
    [VaInClientCode] => 
    [VaInClientName] => 
    [VaInSummary] => 
    [VaReserveID] => 
    [VaTradeCode] => 
    [SbStartChargeMonth] => 
    [SbChargeDay] => 
    [RcCustomerId] => 
    [RcUsePoint] => 
    [RcOrderId] => 
    [RcUpdateAuthDay] => 
    [RcUseCoupon] => 
    [RcUseShopCoupon] => 
    [RcContractId] => 
    [RcStartChargeMonth] => 
    [RcChargeDay] => 
    [RecurringID] => 
    [RecurringMethod] => 
    [RecurringChargeStartDate] => 
    [RecurringChargeStopDate] => 
    [RecurringChargeMonth] => 
    [RecurringChargeDay] => 
    [RecurringNextChargeDate] => 
    [BaSiteId] => 
    [BaMemberId] => 
    [BaTargetDate] => 
    [BaRequestAcceptEndDate] => 
    [BaTransferReturnDate] => 
    [BaWithdrawalDate] => 
    [BaResultcode] => 
    [PaidCancelAmount] => 
    [PaidCancelTax] => 
    [PaidBuyerID] => 
    [PaidCode] => 
    [PrecaNo] => 
    [PrecaSeq] => 
    [PrecaExpireDate] => 
    [ChargeType] => 
    [QuickID] => 
    [CampaignUrl] => 
    [DocomoAcceptCode] => 
    [PvFrontBillKey] => 
    [PvResultCode] => 
    [PvReceiptDatetime] => 
    [PvReceiptAgencyCode] => 
    [PvBarcode] => 
    [PvCvsCode] => 
    [PvCvsBranchCode] => 
    [PvPaymentAmount] => 
)
 from {210.197.108.196}
2017/09/07 13:50:03[{/index.php}] ******* Data Receiver end ******* from {210.197.108.196}
2017/09/07 13:50:03[{/index.php}] Receive OrderID = 369 from {210.197.108.196}
2017/09/07 13:50:13[{/index.php}] 1 from {210.197.108.196}
2017/09/07 14:00:03[{/index.php}] ******* Data Receiver start ******* from {210.197.108.196}
2017/09/07 14:00:03[{/index.php}] Array
(
    [ShopID] => tshop00029684
    [ShopPass] => **********
    [AccessID] => 8c9852ac3380e4af382ac8c0ac5b8290
    [AccessPass] => ********************************
    [OrderID] => 369-07132418
    [Status] => REQSUCCESS
    [JobCd] => 
    [Amount] => 14890
    [Tax] => 0
    [Currency] => JPN
    [Forward] => 
    [Method] => 
    [PayTimes] => 
    [TranID] => 17090700000003283459
    [Approve] => 
    [TranDate] => 20170907132419
    [ErrCode] => 
    [ErrInfo] => 
    [PayType] => 3
    [CvsCode] => 10001
    [CvsConfNo] => 7146
    [CvsReceiptNo] => LW172500057411
    [EdyReceiptNo] => 
    [EdyOrderNo] => 
    [SuicaReceiptNo] => 
    [SuicaOrderNo] => 
    [CustID] => 
    [BkCode] => 
    [ConfNo] => 
    [PaymentTerm] => 20170921235959
    [EncryptReceiptNo] => 
    [FinishDate] => 
    [ReceiptDate] => 20170907132419
    [PayeasyPaymentURL] => 
    [WebMoneyManagementNo] => 
    [WebMoneySettleCode] => 
    [AuPayInfoNo] => 
    [AuPayMethod] => 
    [AuCancelAmount] => 
    [AuCancelTax] => 
    [DocomoSettlementCode] => 
    [DocomoCancelAmount] => 
    [DocomoCancelTax] => 
    [DocomoIncreaseAmount] => 
    [DocomoIncreaseTax] => 
    [SbTrackingId] => 
    [SbCancelAmount] => 
    [SbCancelTax] => 
    [JibunReceiptNo] => 
    [AuFirstAmount] => 
    [AuFirstTax] => 
    [AuAccountMonth] => 
    [AuContinueAccountId] => 
    [JcbPrecaSalesCode] => 
    [RequestNo] => 
    [AccountNo] => 
    [CenterCode] => 
    [NetCashPayType] => 
    [OrderDate] => 
    [CompletionDate] => 
    [RakutenidCouponFee] => 
    [McpPayInDate] => 
    [McpPayInAmount] => 
    [McpPayOutDate] => 
    [McpPayOutAmount] => 
    [RED_REQ_ID] => 
    [RED_ORD_ID] => 
    [RED_STAT_CD] => 
    [RED_FRAUD_STAT_CD] => 
    [RED_FRAUD_RSP_CD] => 
    [RED_FRAUD_REC_ID] => 
    [ProductName] => 
    [CancelAmount] => 
    [CancelTax] => 
    [PayMethod] => 
    [VaRequestAmount] => 
    [VaExpireDate] => 
    [VaTradeReason] => 
    [VaTradeClientName] => 
    [VaTradeClientMailaddress] => 
    [VaBankCode] => 
    [VaBankName] => 
    [VaBranchCode] => 
    [VaBranchName] => 
    [VaAccountType] => 
    [VaAccountNumber] => 
    [VaInInquiryNumber] => 
    [VaInSettlementDate] => 
    [VaInAmount] => 
    [VaInClientCode] => 
    [VaInClientName] => 
    [VaInSummary] => 
    [VaReserveID] => 
    [VaTradeCode] => 
    [SbStartChargeMonth] => 
    [SbChargeDay] => 
    [RcCustomerId] => 
    [RcUsePoint] => 
    [RcOrderId] => 
    [RcUpdateAuthDay] => 
    [RcUseCoupon] => 
    [RcUseShopCoupon] => 
    [RcContractId] => 
    [RcStartChargeMonth] => 
    [RcChargeDay] => 
    [RecurringID] => 
    [RecurringMethod] => 
    [RecurringChargeStartDate] => 
    [RecurringChargeStopDate] => 
    [RecurringChargeMonth] => 
    [RecurringChargeDay] => 
    [RecurringNextChargeDate] => 
    [BaSiteId] => 
    [BaMemberId] => 
    [BaTargetDate] => 
    [BaRequestAcceptEndDate] => 
    [BaTransferReturnDate] => 
    [BaWithdrawalDate] => 
    [BaResultcode] => 
    [PaidCancelAmount] => 
    [PaidCancelTax] => 
    [PaidBuyerID] => 
    [PaidCode] => 
    [PrecaNo] => 
    [PrecaSeq] => 
    [PrecaExpireDate] => 
    [ChargeType] => 
    [QuickID] => 
    [CampaignUrl] => 
    [DocomoAcceptCode] => 
    [PvFrontBillKey] => 
    [PvResultCode] => 
    [PvReceiptDatetime] => 
    [PvReceiptAgencyCode] => 
    [PvBarcode] => 
    [PvCvsCode] => 
    [PvCvsBranchCode] => 
    [PvPaymentAmount] => 
)
 from {210.197.108.196}
2017/09/07 14:00:03[{/index.php}] ******* Data Receiver end ******* from {210.197.108.196}
2017/09/07 14:00:03[{/index.php}] Receive OrderID = 369 from {210.197.108.196}
2017/09/07 14:00:12[{/index.php}] 1 from {210.197.108.196}
2017/09/07 14:10:03[{/index.php}] ******* Data Receiver start ******* from {210.197.108.196}
2017/09/07 14:10:03[{/index.php}] Array
(
    [ShopID] => tshop00029684
    [ShopPass] => **********
    [AccessID] => 8c9852ac3380e4af382ac8c0ac5b8290
    [AccessPass] => ********************************
    [OrderID] => 369-07132418
    [Status] => REQSUCCESS
    [JobCd] => 
    [Amount] => 14890
    [Tax] => 0
    [Currency] => JPN
    [Forward] => 
    [Method] => 
    [PayTimes] => 
    [TranID] => 17090700000003283459
    [Approve] => 
    [TranDate] => 20170907132419
    [ErrCode] => 
    [ErrInfo] => 
    [PayType] => 3
    [CvsCode] => 10001
    [CvsConfNo] => 7146
    [CvsReceiptNo] => LW172500057411
    [EdyReceiptNo] => 
    [EdyOrderNo] => 
    [SuicaReceiptNo] => 
    [SuicaOrderNo] => 
    [CustID] => 
    [BkCode] => 
    [ConfNo] => 
    [PaymentTerm] => 20170921235959
    [EncryptReceiptNo] => 
    [FinishDate] => 
    [ReceiptDate] => 20170907132419
    [PayeasyPaymentURL] => 
    [WebMoneyManagementNo] => 
    [WebMoneySettleCode] => 
    [AuPayInfoNo] => 
    [AuPayMethod] => 
    [AuCancelAmount] => 
    [AuCancelTax] => 
    [DocomoSettlementCode] => 
    [DocomoCancelAmount] => 
    [DocomoCancelTax] => 
    [DocomoIncreaseAmount] => 
    [DocomoIncreaseTax] => 
    [SbTrackingId] => 
    [SbCancelAmount] => 
    [SbCancelTax] => 
    [JibunReceiptNo] => 
    [AuFirstAmount] => 
    [AuFirstTax] => 
    [AuAccountMonth] => 
    [AuContinueAccountId] => 
    [JcbPrecaSalesCode] => 
    [RequestNo] => 
    [AccountNo] => 
    [CenterCode] => 
    [NetCashPayType] => 
    [OrderDate] => 
    [CompletionDate] => 
    [RakutenidCouponFee] => 
    [McpPayInDate] => 
    [McpPayInAmount] => 
    [McpPayOutDate] => 
    [McpPayOutAmount] => 
    [RED_REQ_ID] => 
    [RED_ORD_ID] => 
    [RED_STAT_CD] => 
    [RED_FRAUD_STAT_CD] => 
    [RED_FRAUD_RSP_CD] => 
    [RED_FRAUD_REC_ID] => 
    [ProductName] => 
    [CancelAmount] => 
    [CancelTax] => 
    [PayMethod] => 
    [VaRequestAmount] => 
    [VaExpireDate] => 
    [VaTradeReason] => 
    [VaTradeClientName] => 
    [VaTradeClientMailaddress] => 
    [VaBankCode] => 
    [VaBankName] => 
    [VaBranchCode] => 
    [VaBranchName] => 
    [VaAccountType] => 
    [VaAccountNumber] => 
    [VaInInquiryNumber] => 
    [VaInSettlementDate] => 
    [VaInAmount] => 
    [VaInClientCode] => 
    [VaInClientName] => 
    [VaInSummary] => 
    [VaReserveID] => 
    [VaTradeCode] => 
    [SbStartChargeMonth] => 
    [SbChargeDay] => 
    [RcCustomerId] => 
    [RcUsePoint] => 
    [RcOrderId] => 
    [RcUpdateAuthDay] => 
    [RcUseCoupon] => 
    [RcUseShopCoupon] => 
    [RcContractId] => 
    [RcStartChargeMonth] => 
    [RcChargeDay] => 
    [RecurringID] => 
    [RecurringMethod] => 
    [RecurringChargeStartDate] => 
    [RecurringChargeStopDate] => 
    [RecurringChargeMonth] => 
    [RecurringChargeDay] => 
    [RecurringNextChargeDate] => 
    [BaSiteId] => 
    [BaMemberId] => 
    [BaTargetDate] => 
    [BaRequestAcceptEndDate] => 
    [BaTransferReturnDate] => 
    [BaWithdrawalDate] => 
    [BaResultcode] => 
    [PaidCancelAmount] => 
    [PaidCancelTax] => 
    [PaidBuyerID] => 
    [PaidCode] => 
    [PrecaNo] => 
    [PrecaSeq] => 
    [PrecaExpireDate] => 
    [ChargeType] => 
    [QuickID] => 
    [CampaignUrl] => 
    [DocomoAcceptCode] => 
    [PvFrontBillKey] => 
    [PvResultCode] => 
    [PvReceiptDatetime] => 
    [PvReceiptAgencyCode] => 
    [PvBarcode] => 
    [PvCvsCode] => 
    [PvCvsBranchCode] => 
    [PvPaymentAmount] => 
)
 from {210.197.108.196}
2017/09/07 14:10:03[{/index.php}] ******* Data Receiver end ******* from {210.197.108.196}
2017/09/07 14:10:03[{/index.php}] Receive OrderID = 369 from {210.197.108.196}
2017/09/07 14:10:12[{/index.php}] 1 from {210.197.108.196}
2017/09/07 15:48:39[{/index.php}] ******* Data Receiver start ******* from {210.197.108.196}
2017/09/07 15:48:39[{/index.php}] Array
(
    [ShopID] => tshop00029684
    [ShopPass] => **********
    [AccessID] => 1ed5871219a4c9006bfb01f9fe0cf990
    [AccessPass] => ********************************
    [OrderID] => 370-07154838
    [Status] => REQSUCCESS
    [JobCd] => 
    [Amount] => 14890
    [Tax] => 0
    [Currency] => JPN
    [Forward] => 
    [Method] => 
    [PayTimes] => 
    [TranID] => 17090700000003284410
    [Approve] => 
    [TranDate] => 20170907154838
    [ErrCode] => 
    [ErrInfo] => 
    [PayType] => 3
    [CvsCode] => 10002
    [CvsConfNo] => 12345
    [CvsReceiptNo] => FM4766918731
    [EdyReceiptNo] => 
    [EdyOrderNo] => 
    [SuicaReceiptNo] => 
    [SuicaOrderNo] => 
    [CustID] => 
    [BkCode] => 
    [ConfNo] => 
    [PaymentTerm] => 20170921235959
    [EncryptReceiptNo] => 
    [FinishDate] => 
    [ReceiptDate] => 20170907154838
    [PayeasyPaymentURL] => 
    [WebMoneyManagementNo] => 
    [WebMoneySettleCode] => 
    [AuPayInfoNo] => 
    [AuPayMethod] => 
    [AuCancelAmount] => 
    [AuCancelTax] => 
    [DocomoSettlementCode] => 
    [DocomoCancelAmount] => 
    [DocomoCancelTax] => 
    [DocomoIncreaseAmount] => 
    [DocomoIncreaseTax] => 
    [SbTrackingId] => 
    [SbCancelAmount] => 
    [SbCancelTax] => 
    [JibunReceiptNo] => 
    [AuFirstAmount] => 
    [AuFirstTax] => 
    [AuAccountMonth] => 
    [AuContinueAccountId] => 
    [JcbPrecaSalesCode] => 
    [RequestNo] => 
    [AccountNo] => 
    [CenterCode] => 
    [NetCashPayType] => 
    [OrderDate] => 
    [CompletionDate] => 
    [RakutenidCouponFee] => 
    [McpPayInDate] => 
    [McpPayInAmount] => 
    [McpPayOutDate] => 
    [McpPayOutAmount] => 
    [RED_REQ_ID] => 
    [RED_ORD_ID] => 
    [RED_STAT_CD] => 
    [RED_FRAUD_STAT_CD] => 
    [RED_FRAUD_RSP_CD] => 
    [RED_FRAUD_REC_ID] => 
    [ProductName] => 
    [CancelAmount] => 
    [CancelTax] => 
    [PayMethod] => 
    [VaRequestAmount] => 
    [VaExpireDate] => 
    [VaTradeReason] => 
    [VaTradeClientName] => 
    [VaTradeClientMailaddress] => 
    [VaBankCode] => 
    [VaBankName] => 
    [VaBranchCode] => 
    [VaBranchName] => 
    [VaAccountType] => 
    [VaAccountNumber] => 
    [VaInInquiryNumber] => 
    [VaInSettlementDate] => 
    [VaInAmount] => 
    [VaInClientCode] => 
    [VaInClientName] => 
    [VaInSummary] => 
    [VaReserveID] => 
    [VaTradeCode] => 
    [SbStartChargeMonth] => 
    [SbChargeDay] => 
    [RcCustomerId] => 
    [RcUsePoint] => 
    [RcOrderId] => 
    [RcUpdateAuthDay] => 
    [RcUseCoupon] => 
    [RcUseShopCoupon] => 
    [RcContractId] => 
    [RcStartChargeMonth] => 
    [RcChargeDay] => 
    [RecurringID] => 
    [RecurringMethod] => 
    [RecurringChargeStartDate] => 
    [RecurringChargeStopDate] => 
    [RecurringChargeMonth] => 
    [RecurringChargeDay] => 
    [RecurringNextChargeDate] => 
    [BaSiteId] => 
    [BaMemberId] => 
    [BaTargetDate] => 
    [BaRequestAcceptEndDate] => 
    [BaTransferReturnDate] => 
    [BaWithdrawalDate] => 
    [BaResultcode] => 
    [PaidCancelAmount] => 
    [PaidCancelTax] => 
    [PaidBuyerID] => 
    [PaidCode] => 
    [PrecaNo] => 
    [PrecaSeq] => 
    [PrecaExpireDate] => 
    [ChargeType] => 
    [QuickID] => 
    [CampaignUrl] => 
    [DocomoAcceptCode] => 
    [PvFrontBillKey] => 
    [PvResultCode] => 
    [PvReceiptDatetime] => 
    [PvReceiptAgencyCode] => 
    [PvBarcode] => 
    [PvCvsCode] => 
    [PvCvsBranchCode] => 
    [PvPaymentAmount] => 
)
 from {210.197.108.196}
2017/09/07 15:48:39[{/index.php}] ******* Data Receiver end ******* from {210.197.108.196}
2017/09/07 15:48:39[{/index.php}] Receive OrderID = 370 from {210.197.108.196}
2017/09/07 15:48:48[{/index.php}] 1 from {210.197.108.196}
2017/09/07 15:48:51[{/index.php}] ******* Data Receiver start ******* from {210.197.108.196}
2017/09/07 15:48:51[{/index.php}] Array
(
    [ShopID] => tshop00029684
    [ShopPass] => **********
    [AccessID] => 1f4c93ec66a150267dcd2bf94187b229
    [AccessPass] => ********************************
    [OrderID] => 370-07154849
    [Status] => REQSUCCESS
    [JobCd] => 
    [Amount] => 14890
    [Tax] => 0
    [Currency] => JPN
    [Forward] => 
    [Method] => 
    [PayTimes] => 
    [TranID] => 17090700000003284414
    [Approve] => 
    [TranDate] => 20170907154850
    [ErrCode] => 
    [ErrInfo] => 
    [PayType] => 3
    [CvsCode] => 10001
    [CvsConfNo] => 8452
    [CvsReceiptNo] => LW172500057499
    [EdyReceiptNo] => 
    [EdyOrderNo] => 
    [SuicaReceiptNo] => 
    [SuicaOrderNo] => 
    [CustID] => 
    [BkCode] => 
    [ConfNo] => 
    [PaymentTerm] => 20170921235959
    [EncryptReceiptNo] => 
    [FinishDate] => 
    [ReceiptDate] => 20170907154850
    [PayeasyPaymentURL] => 
    [WebMoneyManagementNo] => 
    [WebMoneySettleCode] => 
    [AuPayInfoNo] => 
    [AuPayMethod] => 
    [AuCancelAmount] => 
    [AuCancelTax] => 
    [DocomoSettlementCode] => 
    [DocomoCancelAmount] => 
    [DocomoCancelTax] => 
    [DocomoIncreaseAmount] => 
    [DocomoIncreaseTax] => 
    [SbTrackingId] => 
    [SbCancelAmount] => 
    [SbCancelTax] => 
    [JibunReceiptNo] => 
    [AuFirstAmount] => 
    [AuFirstTax] => 
    [AuAccountMonth] => 
    [AuContinueAccountId] => 
    [JcbPrecaSalesCode] => 
    [RequestNo] => 
    [AccountNo] => 
    [CenterCode] => 
    [NetCashPayType] => 
    [OrderDate] => 
    [CompletionDate] => 
    [RakutenidCouponFee] => 
    [McpPayInDate] => 
    [McpPayInAmount] => 
    [McpPayOutDate] => 
    [McpPayOutAmount] => 
    [RED_REQ_ID] => 
    [RED_ORD_ID] => 
    [RED_STAT_CD] => 
    [RED_FRAUD_STAT_CD] => 
    [RED_FRAUD_RSP_CD] => 
    [RED_FRAUD_REC_ID] => 
    [ProductName] => 
    [CancelAmount] => 
    [CancelTax] => 
    [PayMethod] => 
    [VaRequestAmount] => 
    [VaExpireDate] => 
    [VaTradeReason] => 
    [VaTradeClientName] => 
    [VaTradeClientMailaddress] => 
    [VaBankCode] => 
    [VaBankName] => 
    [VaBranchCode] => 
    [VaBranchName] => 
    [VaAccountType] => 
    [VaAccountNumber] => 
    [VaInInquiryNumber] => 
    [VaInSettlementDate] => 
    [VaInAmount] => 
    [VaInClientCode] => 
    [VaInClientName] => 
    [VaInSummary] => 
    [VaReserveID] => 
    [VaTradeCode] => 
    [SbStartChargeMonth] => 
    [SbChargeDay] => 
    [RcCustomerId] => 
    [RcUsePoint] => 
    [RcOrderId] => 
    [RcUpdateAuthDay] => 
    [RcUseCoupon] => 
    [RcUseShopCoupon] => 
    [RcContractId] => 
    [RcStartChargeMonth] => 
    [RcChargeDay] => 
    [RecurringID] => 
    [RecurringMethod] => 
    [RecurringChargeStartDate] => 
    [RecurringChargeStopDate] => 
    [RecurringChargeMonth] => 
    [RecurringChargeDay] => 
    [RecurringNextChargeDate] => 
    [BaSiteId] => 
    [BaMemberId] => 
    [BaTargetDate] => 
    [BaRequestAcceptEndDate] => 
    [BaTransferReturnDate] => 
    [BaWithdrawalDate] => 
    [BaResultcode] => 
    [PaidCancelAmount] => 
    [PaidCancelTax] => 
    [PaidBuyerID] => 
    [PaidCode] => 
    [PrecaNo] => 
    [PrecaSeq] => 
    [PrecaExpireDate] => 
    [ChargeType] => 
    [QuickID] => 
    [CampaignUrl] => 
    [DocomoAcceptCode] => 
    [PvFrontBillKey] => 
    [PvResultCode] => 
    [PvReceiptDatetime] => 
    [PvReceiptAgencyCode] => 
    [PvBarcode] => 
    [PvCvsCode] => 
    [PvCvsBranchCode] => 
    [PvPaymentAmount] => 
)
 from {210.197.108.196}
2017/09/07 15:48:51[{/index.php}] ******* Data Receiver end ******* from {210.197.108.196}
2017/09/07 15:48:51[{/index.php}] Receive OrderID = 370 from {210.197.108.196}
2017/09/07 15:49:00[{/index.php}] 1 from {210.197.108.196}
2017/09/07 15:55:05[{/index.php}] ******* Data Receiver start ******* from {210.197.108.196}
2017/09/07 15:55:05[{/index.php}] Array
(
    [ShopID] => tshop00029684
    [ShopPass] => **********
    [AccessID] => 1ed5871219a4c9006bfb01f9fe0cf990
    [AccessPass] => ********************************
    [OrderID] => 370-07154838
    [Status] => REQSUCCESS
    [JobCd] => 
    [Amount] => 14890
    [Tax] => 0
    [Currency] => JPN
    [Forward] => 
    [Method] => 
    [PayTimes] => 
    [TranID] => 17090700000003284410
    [Approve] => 
    [TranDate] => 20170907154838
    [ErrCode] => 
    [ErrInfo] => 
    [PayType] => 3
    [CvsCode] => 10002
    [CvsConfNo] => 12345
    [CvsReceiptNo] => FM4766918731
    [EdyReceiptNo] => 
    [EdyOrderNo] => 
    [SuicaReceiptNo] => 
    [SuicaOrderNo] => 
    [CustID] => 
    [BkCode] => 
    [ConfNo] => 
    [PaymentTerm] => 20170921235959
    [EncryptReceiptNo] => 
    [FinishDate] => 
    [ReceiptDate] => 20170907154838
    [PayeasyPaymentURL] => 
    [WebMoneyManagementNo] => 
    [WebMoneySettleCode] => 
    [AuPayInfoNo] => 
    [AuPayMethod] => 
    [AuCancelAmount] => 
    [AuCancelTax] => 
    [DocomoSettlementCode] => 
    [DocomoCancelAmount] => 
    [DocomoCancelTax] => 
    [DocomoIncreaseAmount] => 
    [DocomoIncreaseTax] => 
    [SbTrackingId] => 
    [SbCancelAmount] => 
    [SbCancelTax] => 
    [JibunReceiptNo] => 
    [AuFirstAmount] => 
    [AuFirstTax] => 
    [AuAccountMonth] => 
    [AuContinueAccountId] => 
    [JcbPrecaSalesCode] => 
    [RequestNo] => 
    [AccountNo] => 
    [CenterCode] => 
    [NetCashPayType] => 
    [OrderDate] => 
    [CompletionDate] => 
    [RakutenidCouponFee] => 
    [McpPayInDate] => 
    [McpPayInAmount] => 
    [McpPayOutDate] => 
    [McpPayOutAmount] => 
    [RED_REQ_ID] => 
    [RED_ORD_ID] => 
    [RED_STAT_CD] => 
    [RED_FRAUD_STAT_CD] => 
    [RED_FRAUD_RSP_CD] => 
    [RED_FRAUD_REC_ID] => 
    [ProductName] => 
    [CancelAmount] => 
    [CancelTax] => 
    [PayMethod] => 
    [VaRequestAmount] => 
    [VaExpireDate] => 
    [VaTradeReason] => 
    [VaTradeClientName] => 
    [VaTradeClientMailaddress] => 
    [VaBankCode] => 
    [VaBankName] => 
    [VaBranchCode] => 
    [VaBranchName] => 
    [VaAccountType] => 
    [VaAccountNumber] => 
    [VaInInquiryNumber] => 
    [VaInSettlementDate] => 
    [VaInAmount] => 
    [VaInClientCode] => 
    [VaInClientName] => 
    [VaInSummary] => 
    [VaReserveID] => 
    [VaTradeCode] => 
    [SbStartChargeMonth] => 
    [SbChargeDay] => 
    [RcCustomerId] => 
    [RcUsePoint] => 
    [RcOrderId] => 
    [RcUpdateAuthDay] => 
    [RcUseCoupon] => 
    [RcUseShopCoupon] => 
    [RcContractId] => 
    [RcStartChargeMonth] => 
    [RcChargeDay] => 
    [RecurringID] => 
    [RecurringMethod] => 
    [RecurringChargeStartDate] => 
    [RecurringChargeStopDate] => 
    [RecurringChargeMonth] => 
    [RecurringChargeDay] => 
    [RecurringNextChargeDate] => 
    [BaSiteId] => 
    [BaMemberId] => 
    [BaTargetDate] => 
    [BaRequestAcceptEndDate] => 
    [BaTransferReturnDate] => 
    [BaWithdrawalDate] => 
    [BaResultcode] => 
    [PaidCancelAmount] => 
    [PaidCancelTax] => 
    [PaidBuyerID] => 
    [PaidCode] => 
    [PrecaNo] => 
    [PrecaSeq] => 
    [PrecaExpireDate] => 
    [ChargeType] => 
    [QuickID] => 
    [CampaignUrl] => 
    [DocomoAcceptCode] => 
    [PvFrontBillKey] => 
    [PvResultCode] => 
    [PvReceiptDatetime] => 
    [PvReceiptAgencyCode] => 
    [PvBarcode] => 
    [PvCvsCode] => 
    [PvCvsBranchCode] => 
    [PvPaymentAmount] => 
)
 from {210.197.108.196}
2017/09/07 15:55:05[{/index.php}] ******* Data Receiver end ******* from {210.197.108.196}
2017/09/07 15:55:05[{/index.php}] Receive OrderID = 370 from {210.197.108.196}
2017/09/07 15:55:14[{/index.php}] 1 from {210.197.108.196}
2017/09/07 15:55:36[{/index.php}] ******* Data Receiver start ******* from {210.197.108.196}
2017/09/07 15:55:36[{/index.php}] Array
(
    [ShopID] => tshop00029684
    [ShopPass] => **********
    [AccessID] => 1f4c93ec66a150267dcd2bf94187b229
    [AccessPass] => ********************************
    [OrderID] => 370-07154849
    [Status] => REQSUCCESS
    [JobCd] => 
    [Amount] => 14890
    [Tax] => 0
    [Currency] => JPN
    [Forward] => 
    [Method] => 
    [PayTimes] => 
    [TranID] => 17090700000003284414
    [Approve] => 
    [TranDate] => 20170907154850
    [ErrCode] => 
    [ErrInfo] => 
    [PayType] => 3
    [CvsCode] => 10001
    [CvsConfNo] => 8452
    [CvsReceiptNo] => LW172500057499
    [EdyReceiptNo] => 
    [EdyOrderNo] => 
    [SuicaReceiptNo] => 
    [SuicaOrderNo] => 
    [CustID] => 
    [BkCode] => 
    [ConfNo] => 
    [PaymentTerm] => 20170921235959
    [EncryptReceiptNo] => 
    [FinishDate] => 
    [ReceiptDate] => 20170907154850
    [PayeasyPaymentURL] => 
    [WebMoneyManagementNo] => 
    [WebMoneySettleCode] => 
    [AuPayInfoNo] => 
    [AuPayMethod] => 
    [AuCancelAmount] => 
    [AuCancelTax] => 
    [DocomoSettlementCode] => 
    [DocomoCancelAmount] => 
    [DocomoCancelTax] => 
    [DocomoIncreaseAmount] => 
    [DocomoIncreaseTax] => 
    [SbTrackingId] => 
    [SbCancelAmount] => 
    [SbCancelTax] => 
    [JibunReceiptNo] => 
    [AuFirstAmount] => 
    [AuFirstTax] => 
    [AuAccountMonth] => 
    [AuContinueAccountId] => 
    [JcbPrecaSalesCode] => 
    [RequestNo] => 
    [AccountNo] => 
    [CenterCode] => 
    [NetCashPayType] => 
    [OrderDate] => 
    [CompletionDate] => 
    [RakutenidCouponFee] => 
    [McpPayInDate] => 
    [McpPayInAmount] => 
    [McpPayOutDate] => 
    [McpPayOutAmount] => 
    [RED_REQ_ID] => 
    [RED_ORD_ID] => 
    [RED_STAT_CD] => 
    [RED_FRAUD_STAT_CD] => 
    [RED_FRAUD_RSP_CD] => 
    [RED_FRAUD_REC_ID] => 
    [ProductName] => 
    [CancelAmount] => 
    [CancelTax] => 
    [PayMethod] => 
    [VaRequestAmount] => 
    [VaExpireDate] => 
    [VaTradeReason] => 
    [VaTradeClientName] => 
    [VaTradeClientMailaddress] => 
    [VaBankCode] => 
    [VaBankName] => 
    [VaBranchCode] => 
    [VaBranchName] => 
    [VaAccountType] => 
    [VaAccountNumber] => 
    [VaInInquiryNumber] => 
    [VaInSettlementDate] => 
    [VaInAmount] => 
    [VaInClientCode] => 
    [VaInClientName] => 
    [VaInSummary] => 
    [VaReserveID] => 
    [VaTradeCode] => 
    [SbStartChargeMonth] => 
    [SbChargeDay] => 
    [RcCustomerId] => 
    [RcUsePoint] => 
    [RcOrderId] => 
    [RcUpdateAuthDay] => 
    [RcUseCoupon] => 
    [RcUseShopCoupon] => 
    [RcContractId] => 
    [RcStartChargeMonth] => 
    [RcChargeDay] => 
    [RecurringID] => 
    [RecurringMethod] => 
    [RecurringChargeStartDate] => 
    [RecurringChargeStopDate] => 
    [RecurringChargeMonth] => 
    [RecurringChargeDay] => 
    [RecurringNextChargeDate] => 
    [BaSiteId] => 
    [BaMemberId] => 
    [BaTargetDate] => 
    [BaRequestAcceptEndDate] => 
    [BaTransferReturnDate] => 
    [BaWithdrawalDate] => 
    [BaResultcode] => 
    [PaidCancelAmount] => 
    [PaidCancelTax] => 
    [PaidBuyerID] => 
    [PaidCode] => 
    [PrecaNo] => 
    [PrecaSeq] => 
    [PrecaExpireDate] => 
    [ChargeType] => 
    [QuickID] => 
    [CampaignUrl] => 
    [DocomoAcceptCode] => 
    [PvFrontBillKey] => 
    [PvResultCode] => 
    [PvReceiptDatetime] => 
    [PvReceiptAgencyCode] => 
    [PvBarcode] => 
    [PvCvsCode] => 
    [PvCvsBranchCode] => 
    [PvPaymentAmount] => 
)
 from {210.197.108.196}
2017/09/07 15:55:36[{/index.php}] ******* Data Receiver end ******* from {210.197.108.196}
2017/09/07 15:55:36[{/index.php}] Receive OrderID = 370 from {210.197.108.196}
2017/09/07 15:55:45[{/index.php}] 1 from {210.197.108.196}
2017/09/07 16:08:31[{/index.php}] ******* Data Receiver start ******* from {210.197.108.196}
2017/09/07 16:08:31[{/index.php}] Array
(
    [ShopID] => tshop00029684
    [ShopPass] => **********
    [AccessID] => 154b2ee10563f9419b9d3d85909760b9
    [AccessPass] => ********************************
    [OrderID] => 370-07160829
    [Status] => REQSUCCESS
    [JobCd] => 
    [Amount] => 14890
    [Tax] => 0
    [Currency] => JPN
    [Forward] => 
    [Method] => 
    [PayTimes] => 
    [TranID] => 17090700000003284561
    [Approve] => 
    [TranDate] => 20170907160830
    [ErrCode] => 
    [ErrInfo] => 
    [PayType] => 3
    [CvsCode] => 10005
    [CvsConfNo] => 9954
    [CvsReceiptNo] => LW172500057505
    [EdyReceiptNo] => 
    [EdyOrderNo] => 
    [SuicaReceiptNo] => 
    [SuicaOrderNo] => 
    [CustID] => 
    [BkCode] => 
    [ConfNo] => 
    [PaymentTerm] => 20170921235959
    [EncryptReceiptNo] => 
    [FinishDate] => 
    [ReceiptDate] => 20170907160830
    [PayeasyPaymentURL] => 
    [WebMoneyManagementNo] => 
    [WebMoneySettleCode] => 
    [AuPayInfoNo] => 
    [AuPayMethod] => 
    [AuCancelAmount] => 
    [AuCancelTax] => 
    [DocomoSettlementCode] => 
    [DocomoCancelAmount] => 
    [DocomoCancelTax] => 
    [DocomoIncreaseAmount] => 
    [DocomoIncreaseTax] => 
    [SbTrackingId] => 
    [SbCancelAmount] => 
    [SbCancelTax] => 
    [JibunReceiptNo] => 
    [AuFirstAmount] => 
    [AuFirstTax] => 
    [AuAccountMonth] => 
    [AuContinueAccountId] => 
    [JcbPrecaSalesCode] => 
    [RequestNo] => 
    [AccountNo] => 
    [CenterCode] => 
    [NetCashPayType] => 
    [OrderDate] => 
    [CompletionDate] => 
    [RakutenidCouponFee] => 
    [McpPayInDate] => 
    [McpPayInAmount] => 
    [McpPayOutDate] => 
    [McpPayOutAmount] => 
    [RED_REQ_ID] => 
    [RED_ORD_ID] => 
    [RED_STAT_CD] => 
    [RED_FRAUD_STAT_CD] => 
    [RED_FRAUD_RSP_CD] => 
    [RED_FRAUD_REC_ID] => 
    [ProductName] => 
    [CancelAmount] => 
    [CancelTax] => 
    [PayMethod] => 
    [VaRequestAmount] => 
    [VaExpireDate] => 
    [VaTradeReason] => 
    [VaTradeClientName] => 
    [VaTradeClientMailaddress] => 
    [VaBankCode] => 
    [VaBankName] => 
    [VaBranchCode] => 
    [VaBranchName] => 
    [VaAccountType] => 
    [VaAccountNumber] => 
    [VaInInquiryNumber] => 
    [VaInSettlementDate] => 
    [VaInAmount] => 
    [VaInClientCode] => 
    [VaInClientName] => 
    [VaInSummary] => 
    [VaReserveID] => 
    [VaTradeCode] => 
    [SbStartChargeMonth] => 
    [SbChargeDay] => 
    [RcCustomerId] => 
    [RcUsePoint] => 
    [RcOrderId] => 
    [RcUpdateAuthDay] => 
    [RcUseCoupon] => 
    [RcUseShopCoupon] => 
    [RcContractId] => 
    [RcStartChargeMonth] => 
    [RcChargeDay] => 
    [RecurringID] => 
    [RecurringMethod] => 
    [RecurringChargeStartDate] => 
    [RecurringChargeStopDate] => 
    [RecurringChargeMonth] => 
    [RecurringChargeDay] => 
    [RecurringNextChargeDate] => 
    [BaSiteId] => 
    [BaMemberId] => 
    [BaTargetDate] => 
    [BaRequestAcceptEndDate] => 
    [BaTransferReturnDate] => 
    [BaWithdrawalDate] => 
    [BaResultcode] => 
    [PaidCancelAmount] => 
    [PaidCancelTax] => 
    [PaidBuyerID] => 
    [PaidCode] => 
    [PrecaNo] => 
    [PrecaSeq] => 
    [PrecaExpireDate] => 
    [ChargeType] => 
    [QuickID] => 
    [CampaignUrl] => 
    [DocomoAcceptCode] => 
    [PvFrontBillKey] => 
    [PvResultCode] => 
    [PvReceiptDatetime] => 
    [PvReceiptAgencyCode] => 
    [PvBarcode] => 
    [PvCvsCode] => 
    [PvCvsBranchCode] => 
    [PvPaymentAmount] => 
)
 from {210.197.108.196}
2017/09/07 16:08:31[{/index.php}] ******* Data Receiver end ******* from {210.197.108.196}
2017/09/07 16:08:31[{/index.php}] Receive OrderID = 370 from {210.197.108.196}
2017/09/07 16:08:40[{/index.php}] 1 from {210.197.108.196}
2017/09/07 16:15:03[{/index.php}] ******* Data Receiver start ******* from {210.197.108.196}
2017/09/07 16:15:03[{/index.php}] Array
(
    [ShopID] => tshop00029684
    [ShopPass] => **********
    [AccessID] => 1ed5871219a4c9006bfb01f9fe0cf990
    [AccessPass] => ********************************
    [OrderID] => 370-07154838
    [Status] => REQSUCCESS
    [JobCd] => 
    [Amount] => 14890
    [Tax] => 0
    [Currency] => JPN
    [Forward] => 
    [Method] => 
    [PayTimes] => 
    [TranID] => 17090700000003284410
    [Approve] => 
    [TranDate] => 20170907154838
    [ErrCode] => 
    [ErrInfo] => 
    [PayType] => 3
    [CvsCode] => 10002
    [CvsConfNo] => 12345
    [CvsReceiptNo] => FM4766918731
    [EdyReceiptNo] => 
    [EdyOrderNo] => 
    [SuicaReceiptNo] => 
    [SuicaOrderNo] => 
    [CustID] => 
    [BkCode] => 
    [ConfNo] => 
    [PaymentTerm] => 20170921235959
    [EncryptReceiptNo] => 
    [FinishDate] => 
    [ReceiptDate] => 20170907154838
    [PayeasyPaymentURL] => 
    [WebMoneyManagementNo] => 
    [WebMoneySettleCode] => 
    [AuPayInfoNo] => 
    [AuPayMethod] => 
    [AuCancelAmount] => 
    [AuCancelTax] => 
    [DocomoSettlementCode] => 
    [DocomoCancelAmount] => 
    [DocomoCancelTax] => 
    [DocomoIncreaseAmount] => 
    [DocomoIncreaseTax] => 
    [SbTrackingId] => 
    [SbCancelAmount] => 
    [SbCancelTax] => 
    [JibunReceiptNo] => 
    [AuFirstAmount] => 
    [AuFirstTax] => 
    [AuAccountMonth] => 
    [AuContinueAccountId] => 
    [JcbPrecaSalesCode] => 
    [RequestNo] => 
    [AccountNo] => 
    [CenterCode] => 
    [NetCashPayType] => 
    [OrderDate] => 
    [CompletionDate] => 
    [RakutenidCouponFee] => 
    [McpPayInDate] => 
    [McpPayInAmount] => 
    [McpPayOutDate] => 
    [McpPayOutAmount] => 
    [RED_REQ_ID] => 
    [RED_ORD_ID] => 
    [RED_STAT_CD] => 
    [RED_FRAUD_STAT_CD] => 
    [RED_FRAUD_RSP_CD] => 
    [RED_FRAUD_REC_ID] => 
    [ProductName] => 
    [CancelAmount] => 
    [CancelTax] => 
    [PayMethod] => 
    [VaRequestAmount] => 
    [VaExpireDate] => 
    [VaTradeReason] => 
    [VaTradeClientName] => 
    [VaTradeClientMailaddress] => 
    [VaBankCode] => 
    [VaBankName] => 
    [VaBranchCode] => 
    [VaBranchName] => 
    [VaAccountType] => 
    [VaAccountNumber] => 
    [VaInInquiryNumber] => 
    [VaInSettlementDate] => 
    [VaInAmount] => 
    [VaInClientCode] => 
    [VaInClientName] => 
    [VaInSummary] => 
    [VaReserveID] => 
    [VaTradeCode] => 
    [SbStartChargeMonth] => 
    [SbChargeDay] => 
    [RcCustomerId] => 
    [RcUsePoint] => 
    [RcOrderId] => 
    [RcUpdateAuthDay] => 
    [RcUseCoupon] => 
    [RcUseShopCoupon] => 
    [RcContractId] => 
    [RcStartChargeMonth] => 
    [RcChargeDay] => 
    [RecurringID] => 
    [RecurringMethod] => 
    [RecurringChargeStartDate] => 
    [RecurringChargeStopDate] => 
    [RecurringChargeMonth] => 
    [RecurringChargeDay] => 
    [RecurringNextChargeDate] => 
    [BaSiteId] => 
    [BaMemberId] => 
    [BaTargetDate] => 
    [BaRequestAcceptEndDate] => 
    [BaTransferReturnDate] => 
    [BaWithdrawalDate] => 
    [BaResultcode] => 
    [PaidCancelAmount] => 
    [PaidCancelTax] => 
    [PaidBuyerID] => 
    [PaidCode] => 
    [PrecaNo] => 
    [PrecaSeq] => 
    [PrecaExpireDate] => 
    [ChargeType] => 
    [QuickID] => 
    [CampaignUrl] => 
    [DocomoAcceptCode] => 
    [PvFrontBillKey] => 
    [PvResultCode] => 
    [PvReceiptDatetime] => 
    [PvReceiptAgencyCode] => 
    [PvBarcode] => 
    [PvCvsCode] => 
    [PvCvsBranchCode] => 
    [PvPaymentAmount] => 
)
 from {210.197.108.196}
2017/09/07 16:15:03[{/index.php}] ******* Data Receiver end ******* from {210.197.108.196}
2017/09/07 16:15:03[{/index.php}] Receive OrderID = 370 from {210.197.108.196}
2017/09/07 16:15:12[{/index.php}] 1 from {210.197.108.196}
2017/09/07 16:15:19[{/index.php}] ******* Data Receiver start ******* from {210.197.108.196}
2017/09/07 16:15:19[{/index.php}] Array
(
    [ShopID] => tshop00029684
    [ShopPass] => **********
    [AccessID] => 154b2ee10563f9419b9d3d85909760b9
    [AccessPass] => ********************************
    [OrderID] => 370-07160829
    [Status] => REQSUCCESS
    [JobCd] => 
    [Amount] => 14890
    [Tax] => 0
    [Currency] => JPN
    [Forward] => 
    [Method] => 
    [PayTimes] => 
    [TranID] => 17090700000003284561
    [Approve] => 
    [TranDate] => 20170907160830
    [ErrCode] => 
    [ErrInfo] => 
    [PayType] => 3
    [CvsCode] => 10005
    [CvsConfNo] => 9954
    [CvsReceiptNo] => LW172500057505
    [EdyReceiptNo] => 
    [EdyOrderNo] => 
    [SuicaReceiptNo] => 
    [SuicaOrderNo] => 
    [CustID] => 
    [BkCode] => 
    [ConfNo] => 
    [PaymentTerm] => 20170921235959
    [EncryptReceiptNo] => 
    [FinishDate] => 
    [ReceiptDate] => 20170907160830
    [PayeasyPaymentURL] => 
    [WebMoneyManagementNo] => 
    [WebMoneySettleCode] => 
    [AuPayInfoNo] => 
    [AuPayMethod] => 
    [AuCancelAmount] => 
    [AuCancelTax] => 
    [DocomoSettlementCode] => 
    [DocomoCancelAmount] => 
    [DocomoCancelTax] => 
    [DocomoIncreaseAmount] => 
    [DocomoIncreaseTax] => 
    [SbTrackingId] => 
    [SbCancelAmount] => 
    [SbCancelTax] => 
    [JibunReceiptNo] => 
    [AuFirstAmount] => 
    [AuFirstTax] => 
    [AuAccountMonth] => 
    [AuContinueAccountId] => 
    [JcbPrecaSalesCode] => 
    [RequestNo] => 
    [AccountNo] => 
    [CenterCode] => 
    [NetCashPayType] => 
    [OrderDate] => 
    [CompletionDate] => 
    [RakutenidCouponFee] => 
    [McpPayInDate] => 
    [McpPayInAmount] => 
    [McpPayOutDate] => 
    [McpPayOutAmount] => 
    [RED_REQ_ID] => 
    [RED_ORD_ID] => 
    [RED_STAT_CD] => 
    [RED_FRAUD_STAT_CD] => 
    [RED_FRAUD_RSP_CD] => 
    [RED_FRAUD_REC_ID] => 
    [ProductName] => 
    [CancelAmount] => 
    [CancelTax] => 
    [PayMethod] => 
    [VaRequestAmount] => 
    [VaExpireDate] => 
    [VaTradeReason] => 
    [VaTradeClientName] => 
    [VaTradeClientMailaddress] => 
    [VaBankCode] => 
    [VaBankName] => 
    [VaBranchCode] => 
    [VaBranchName] => 
    [VaAccountType] => 
    [VaAccountNumber] => 
    [VaInInquiryNumber] => 
    [VaInSettlementDate] => 
    [VaInAmount] => 
    [VaInClientCode] => 
    [VaInClientName] => 
    [VaInSummary] => 
    [VaReserveID] => 
    [VaTradeCode] => 
    [SbStartChargeMonth] => 
    [SbChargeDay] => 
    [RcCustomerId] => 
    [RcUsePoint] => 
    [RcOrderId] => 
    [RcUpdateAuthDay] => 
    [RcUseCoupon] => 
    [RcUseShopCoupon] => 
    [RcContractId] => 
    [RcStartChargeMonth] => 
    [RcChargeDay] => 
    [RecurringID] => 
    [RecurringMethod] => 
    [RecurringChargeStartDate] => 
    [RecurringChargeStopDate] => 
    [RecurringChargeMonth] => 
    [RecurringChargeDay] => 
    [RecurringNextChargeDate] => 
    [BaSiteId] => 
    [BaMemberId] => 
    [BaTargetDate] => 
    [BaRequestAcceptEndDate] => 
    [BaTransferReturnDate] => 
    [BaWithdrawalDate] => 
    [BaResultcode] => 
    [PaidCancelAmount] => 
    [PaidCancelTax] => 
    [PaidBuyerID] => 
    [PaidCode] => 
    [PrecaNo] => 
    [PrecaSeq] => 
    [PrecaExpireDate] => 
    [ChargeType] => 
    [QuickID] => 
    [CampaignUrl] => 
    [DocomoAcceptCode] => 
    [PvFrontBillKey] => 
    [PvResultCode] => 
    [PvReceiptDatetime] => 
    [PvReceiptAgencyCode] => 
    [PvBarcode] => 
    [PvCvsCode] => 
    [PvCvsBranchCode] => 
    [PvPaymentAmount] => 
)
 from {210.197.108.196}
2017/09/07 16:15:19[{/index.php}] ******* Data Receiver end ******* from {210.197.108.196}
2017/09/07 16:15:19[{/index.php}] Receive OrderID = 370 from {210.197.108.196}
2017/09/07 16:15:28[{/index.php}] 1 from {210.197.108.196}
2017/09/07 16:15:30[{/index.php}] ******* Data Receiver start ******* from {210.197.108.196}
2017/09/07 16:15:30[{/index.php}] Array
(
    [ShopID] => tshop00029684
    [ShopPass] => **********
    [AccessID] => 1f4c93ec66a150267dcd2bf94187b229
    [AccessPass] => ********************************
    [OrderID] => 370-07154849
    [Status] => REQSUCCESS
    [JobCd] => 
    [Amount] => 14890
    [Tax] => 0
    [Currency] => JPN
    [Forward] => 
    [Method] => 
    [PayTimes] => 
    [TranID] => 17090700000003284414
    [Approve] => 
    [TranDate] => 20170907154850
    [ErrCode] => 
    [ErrInfo] => 
    [PayType] => 3
    [CvsCode] => 10001
    [CvsConfNo] => 8452
    [CvsReceiptNo] => LW172500057499
    [EdyReceiptNo] => 
    [EdyOrderNo] => 
    [SuicaReceiptNo] => 
    [SuicaOrderNo] => 
    [CustID] => 
    [BkCode] => 
    [ConfNo] => 
    [PaymentTerm] => 20170921235959
    [EncryptReceiptNo] => 
    [FinishDate] => 
    [ReceiptDate] => 20170907154850
    [PayeasyPaymentURL] => 
    [WebMoneyManagementNo] => 
    [WebMoneySettleCode] => 
    [AuPayInfoNo] => 
    [AuPayMethod] => 
    [AuCancelAmount] => 
    [AuCancelTax] => 
    [DocomoSettlementCode] => 
    [DocomoCancelAmount] => 
    [DocomoCancelTax] => 
    [DocomoIncreaseAmount] => 
    [DocomoIncreaseTax] => 
    [SbTrackingId] => 
    [SbCancelAmount] => 
    [SbCancelTax] => 
    [JibunReceiptNo] => 
    [AuFirstAmount] => 
    [AuFirstTax] => 
    [AuAccountMonth] => 
    [AuContinueAccountId] => 
    [JcbPrecaSalesCode] => 
    [RequestNo] => 
    [AccountNo] => 
    [CenterCode] => 
    [NetCashPayType] => 
    [OrderDate] => 
    [CompletionDate] => 
    [RakutenidCouponFee] => 
    [McpPayInDate] => 
    [McpPayInAmount] => 
    [McpPayOutDate] => 
    [McpPayOutAmount] => 
    [RED_REQ_ID] => 
    [RED_ORD_ID] => 
    [RED_STAT_CD] => 
    [RED_FRAUD_STAT_CD] => 
    [RED_FRAUD_RSP_CD] => 
    [RED_FRAUD_REC_ID] => 
    [ProductName] => 
    [CancelAmount] => 
    [CancelTax] => 
    [PayMethod] => 
    [VaRequestAmount] => 
    [VaExpireDate] => 
    [VaTradeReason] => 
    [VaTradeClientName] => 
    [VaTradeClientMailaddress] => 
    [VaBankCode] => 
    [VaBankName] => 
    [VaBranchCode] => 
    [VaBranchName] => 
    [VaAccountType] => 
    [VaAccountNumber] => 
    [VaInInquiryNumber] => 
    [VaInSettlementDate] => 
    [VaInAmount] => 
    [VaInClientCode] => 
    [VaInClientName] => 
    [VaInSummary] => 
    [VaReserveID] => 
    [VaTradeCode] => 
    [SbStartChargeMonth] => 
    [SbChargeDay] => 
    [RcCustomerId] => 
    [RcUsePoint] => 
    [RcOrderId] => 
    [RcUpdateAuthDay] => 
    [RcUseCoupon] => 
    [RcUseShopCoupon] => 
    [RcContractId] => 
    [RcStartChargeMonth] => 
    [RcChargeDay] => 
    [RecurringID] => 
    [RecurringMethod] => 
    [RecurringChargeStartDate] => 
    [RecurringChargeStopDate] => 
    [RecurringChargeMonth] => 
    [RecurringChargeDay] => 
    [RecurringNextChargeDate] => 
    [BaSiteId] => 
    [BaMemberId] => 
    [BaTargetDate] => 
    [BaRequestAcceptEndDate] => 
    [BaTransferReturnDate] => 
    [BaWithdrawalDate] => 
    [BaResultcode] => 
    [PaidCancelAmount] => 
    [PaidCancelTax] => 
    [PaidBuyerID] => 
    [PaidCode] => 
    [PrecaNo] => 
    [PrecaSeq] => 
    [PrecaExpireDate] => 
    [ChargeType] => 
    [QuickID] => 
    [CampaignUrl] => 
    [DocomoAcceptCode] => 
    [PvFrontBillKey] => 
    [PvResultCode] => 
    [PvReceiptDatetime] => 
    [PvReceiptAgencyCode] => 
    [PvBarcode] => 
    [PvCvsCode] => 
    [PvCvsBranchCode] => 
    [PvPaymentAmount] => 
)
 from {210.197.108.196}
2017/09/07 16:15:30[{/index.php}] ******* Data Receiver end ******* from {210.197.108.196}
2017/09/07 16:15:30[{/index.php}] Receive OrderID = 370 from {210.197.108.196}
2017/09/07 16:15:40[{/index.php}] 1 from {210.197.108.196}
2017/09/07 16:25:03[{/index.php}] ******* Data Receiver start ******* from {210.197.108.196}
2017/09/07 16:25:03[{/index.php}] Array
(
    [ShopID] => tshop00029684
    [ShopPass] => **********
    [AccessID] => 1ed5871219a4c9006bfb01f9fe0cf990
    [AccessPass] => ********************************
    [OrderID] => 370-07154838
    [Status] => REQSUCCESS
    [JobCd] => 
    [Amount] => 14890
    [Tax] => 0
    [Currency] => JPN
    [Forward] => 
    [Method] => 
    [PayTimes] => 
    [TranID] => 17090700000003284410
    [Approve] => 
    [TranDate] => 20170907154838
    [ErrCode] => 
    [ErrInfo] => 
    [PayType] => 3
    [CvsCode] => 10002
    [CvsConfNo] => 12345
    [CvsReceiptNo] => FM4766918731
    [EdyReceiptNo] => 
    [EdyOrderNo] => 
    [SuicaReceiptNo] => 
    [SuicaOrderNo] => 
    [CustID] => 
    [BkCode] => 
    [ConfNo] => 
    [PaymentTerm] => 20170921235959
    [EncryptReceiptNo] => 
    [FinishDate] => 
    [ReceiptDate] => 20170907154838
    [PayeasyPaymentURL] => 
    [WebMoneyManagementNo] => 
    [WebMoneySettleCode] => 
    [AuPayInfoNo] => 
    [AuPayMethod] => 
    [AuCancelAmount] => 
    [AuCancelTax] => 
    [DocomoSettlementCode] => 
    [DocomoCancelAmount] => 
    [DocomoCancelTax] => 
    [DocomoIncreaseAmount] => 
    [DocomoIncreaseTax] => 
    [SbTrackingId] => 
    [SbCancelAmount] => 
    [SbCancelTax] => 
    [JibunReceiptNo] => 
    [AuFirstAmount] => 
    [AuFirstTax] => 
    [AuAccountMonth] => 
    [AuContinueAccountId] => 
    [JcbPrecaSalesCode] => 
    [RequestNo] => 
    [AccountNo] => 
    [CenterCode] => 
    [NetCashPayType] => 
    [OrderDate] => 
    [CompletionDate] => 
    [RakutenidCouponFee] => 
    [McpPayInDate] => 
    [McpPayInAmount] => 
    [McpPayOutDate] => 
    [McpPayOutAmount] => 
    [RED_REQ_ID] => 
    [RED_ORD_ID] => 
    [RED_STAT_CD] => 
    [RED_FRAUD_STAT_CD] => 
    [RED_FRAUD_RSP_CD] => 
    [RED_FRAUD_REC_ID] => 
    [ProductName] => 
    [CancelAmount] => 
    [CancelTax] => 
    [PayMethod] => 
    [VaRequestAmount] => 
    [VaExpireDate] => 
    [VaTradeReason] => 
    [VaTradeClientName] => 
    [VaTradeClientMailaddress] => 
    [VaBankCode] => 
    [VaBankName] => 
    [VaBranchCode] => 
    [VaBranchName] => 
    [VaAccountType] => 
    [VaAccountNumber] => 
    [VaInInquiryNumber] => 
    [VaInSettlementDate] => 
    [VaInAmount] => 
    [VaInClientCode] => 
    [VaInClientName] => 
    [VaInSummary] => 
    [VaReserveID] => 
    [VaTradeCode] => 
    [SbStartChargeMonth] => 
    [SbChargeDay] => 
    [RcCustomerId] => 
    [RcUsePoint] => 
    [RcOrderId] => 
    [RcUpdateAuthDay] => 
    [RcUseCoupon] => 
    [RcUseShopCoupon] => 
    [RcContractId] => 
    [RcStartChargeMonth] => 
    [RcChargeDay] => 
    [RecurringID] => 
    [RecurringMethod] => 
    [RecurringChargeStartDate] => 
    [RecurringChargeStopDate] => 
    [RecurringChargeMonth] => 
    [RecurringChargeDay] => 
    [RecurringNextChargeDate] => 
    [BaSiteId] => 
    [BaMemberId] => 
    [BaTargetDate] => 
    [BaRequestAcceptEndDate] => 
    [BaTransferReturnDate] => 
    [BaWithdrawalDate] => 
    [BaResultcode] => 
    [PaidCancelAmount] => 
    [PaidCancelTax] => 
    [PaidBuyerID] => 
    [PaidCode] => 
    [PrecaNo] => 
    [PrecaSeq] => 
    [PrecaExpireDate] => 
    [ChargeType] => 
    [QuickID] => 
    [CampaignUrl] => 
    [DocomoAcceptCode] => 
    [PvFrontBillKey] => 
    [PvResultCode] => 
    [PvReceiptDatetime] => 
    [PvReceiptAgencyCode] => 
    [PvBarcode] => 
    [PvCvsCode] => 
    [PvCvsBranchCode] => 
    [PvPaymentAmount] => 
)
 from {210.197.108.196}
2017/09/07 16:25:03[{/index.php}] ******* Data Receiver end ******* from {210.197.108.196}
2017/09/07 16:25:03[{/index.php}] Receive OrderID = 370 from {210.197.108.196}
2017/09/07 16:25:12[{/index.php}] 1 from {210.197.108.196}
2017/09/07 16:25:20[{/index.php}] ******* Data Receiver start ******* from {210.197.108.196}
2017/09/07 16:25:20[{/index.php}] Array
(
    [ShopID] => tshop00029684
    [ShopPass] => **********
    [AccessID] => 154b2ee10563f9419b9d3d85909760b9
    [AccessPass] => ********************************
    [OrderID] => 370-07160829
    [Status] => REQSUCCESS
    [JobCd] => 
    [Amount] => 14890
    [Tax] => 0
    [Currency] => JPN
    [Forward] => 
    [Method] => 
    [PayTimes] => 
    [TranID] => 17090700000003284561
    [Approve] => 
    [TranDate] => 20170907160830
    [ErrCode] => 
    [ErrInfo] => 
    [PayType] => 3
    [CvsCode] => 10005
    [CvsConfNo] => 9954
    [CvsReceiptNo] => LW172500057505
    [EdyReceiptNo] => 
    [EdyOrderNo] => 
    [SuicaReceiptNo] => 
    [SuicaOrderNo] => 
    [CustID] => 
    [BkCode] => 
    [ConfNo] => 
    [PaymentTerm] => 20170921235959
    [EncryptReceiptNo] => 
    [FinishDate] => 
    [ReceiptDate] => 20170907160830
    [PayeasyPaymentURL] => 
    [WebMoneyManagementNo] => 
    [WebMoneySettleCode] => 
    [AuPayInfoNo] => 
    [AuPayMethod] => 
    [AuCancelAmount] => 
    [AuCancelTax] => 
    [DocomoSettlementCode] => 
    [DocomoCancelAmount] => 
    [DocomoCancelTax] => 
    [DocomoIncreaseAmount] => 
    [DocomoIncreaseTax] => 
    [SbTrackingId] => 
    [SbCancelAmount] => 
    [SbCancelTax] => 
    [JibunReceiptNo] => 
    [AuFirstAmount] => 
    [AuFirstTax] => 
    [AuAccountMonth] => 
    [AuContinueAccountId] => 
    [JcbPrecaSalesCode] => 
    [RequestNo] => 
    [AccountNo] => 
    [CenterCode] => 
    [NetCashPayType] => 
    [OrderDate] => 
    [CompletionDate] => 
    [RakutenidCouponFee] => 
    [McpPayInDate] => 
    [McpPayInAmount] => 
    [McpPayOutDate] => 
    [McpPayOutAmount] => 
    [RED_REQ_ID] => 
    [RED_ORD_ID] => 
    [RED_STAT_CD] => 
    [RED_FRAUD_STAT_CD] => 
    [RED_FRAUD_RSP_CD] => 
    [RED_FRAUD_REC_ID] => 
    [ProductName] => 
    [CancelAmount] => 
    [CancelTax] => 
    [PayMethod] => 
    [VaRequestAmount] => 
    [VaExpireDate] => 
    [VaTradeReason] => 
    [VaTradeClientName] => 
    [VaTradeClientMailaddress] => 
    [VaBankCode] => 
    [VaBankName] => 
    [VaBranchCode] => 
    [VaBranchName] => 
    [VaAccountType] => 
    [VaAccountNumber] => 
    [VaInInquiryNumber] => 
    [VaInSettlementDate] => 
    [VaInAmount] => 
    [VaInClientCode] => 
    [VaInClientName] => 
    [VaInSummary] => 
    [VaReserveID] => 
    [VaTradeCode] => 
    [SbStartChargeMonth] => 
    [SbChargeDay] => 
    [RcCustomerId] => 
    [RcUsePoint] => 
    [RcOrderId] => 
    [RcUpdateAuthDay] => 
    [RcUseCoupon] => 
    [RcUseShopCoupon] => 
    [RcContractId] => 
    [RcStartChargeMonth] => 
    [RcChargeDay] => 
    [RecurringID] => 
    [RecurringMethod] => 
    [RecurringChargeStartDate] => 
    [RecurringChargeStopDate] => 
    [RecurringChargeMonth] => 
    [RecurringChargeDay] => 
    [RecurringNextChargeDate] => 
    [BaSiteId] => 
    [BaMemberId] => 
    [BaTargetDate] => 
    [BaRequestAcceptEndDate] => 
    [BaTransferReturnDate] => 
    [BaWithdrawalDate] => 
    [BaResultcode] => 
    [PaidCancelAmount] => 
    [PaidCancelTax] => 
    [PaidBuyerID] => 
    [PaidCode] => 
    [PrecaNo] => 
    [PrecaSeq] => 
    [PrecaExpireDate] => 
    [ChargeType] => 
    [QuickID] => 
    [CampaignUrl] => 
    [DocomoAcceptCode] => 
    [PvFrontBillKey] => 
    [PvResultCode] => 
    [PvReceiptDatetime] => 
    [PvReceiptAgencyCode] => 
    [PvBarcode] => 
    [PvCvsCode] => 
    [PvCvsBranchCode] => 
    [PvPaymentAmount] => 
)
 from {210.197.108.196}
2017/09/07 16:25:20[{/index.php}] ******* Data Receiver end ******* from {210.197.108.196}
2017/09/07 16:25:20[{/index.php}] Receive OrderID = 370 from {210.197.108.196}
2017/09/07 16:25:25[{/index.php}] ******* Data Receiver start ******* from {210.197.108.196}
2017/09/07 16:25:25[{/index.php}] Array
(
    [ShopID] => tshop00029684
    [ShopPass] => **********
    [AccessID] => 1f4c93ec66a150267dcd2bf94187b229
    [AccessPass] => ********************************
    [OrderID] => 370-07154849
    [Status] => REQSUCCESS
    [JobCd] => 
    [Amount] => 14890
    [Tax] => 0
    [Currency] => JPN
    [Forward] => 
    [Method] => 
    [PayTimes] => 
    [TranID] => 17090700000003284414
    [Approve] => 
    [TranDate] => 20170907154850
    [ErrCode] => 
    [ErrInfo] => 
    [PayType] => 3
    [CvsCode] => 10001
    [CvsConfNo] => 8452
    [CvsReceiptNo] => LW172500057499
    [EdyReceiptNo] => 
    [EdyOrderNo] => 
    [SuicaReceiptNo] => 
    [SuicaOrderNo] => 
    [CustID] => 
    [BkCode] => 
    [ConfNo] => 
    [PaymentTerm] => 20170921235959
    [EncryptReceiptNo] => 
    [FinishDate] => 
    [ReceiptDate] => 20170907154850
    [PayeasyPaymentURL] => 
    [WebMoneyManagementNo] => 
    [WebMoneySettleCode] => 
    [AuPayInfoNo] => 
    [AuPayMethod] => 
    [AuCancelAmount] => 
    [AuCancelTax] => 
    [DocomoSettlementCode] => 
    [DocomoCancelAmount] => 
    [DocomoCancelTax] => 
    [DocomoIncreaseAmount] => 
    [DocomoIncreaseTax] => 
    [SbTrackingId] => 
    [SbCancelAmount] => 
    [SbCancelTax] => 
    [JibunReceiptNo] => 
    [AuFirstAmount] => 
    [AuFirstTax] => 
    [AuAccountMonth] => 
    [AuContinueAccountId] => 
    [JcbPrecaSalesCode] => 
    [RequestNo] => 
    [AccountNo] => 
    [CenterCode] => 
    [NetCashPayType] => 
    [OrderDate] => 
    [CompletionDate] => 
    [RakutenidCouponFee] => 
    [McpPayInDate] => 
    [McpPayInAmount] => 
    [McpPayOutDate] => 
    [McpPayOutAmount] => 
    [RED_REQ_ID] => 
    [RED_ORD_ID] => 
    [RED_STAT_CD] => 
    [RED_FRAUD_STAT_CD] => 
    [RED_FRAUD_RSP_CD] => 
    [RED_FRAUD_REC_ID] => 
    [ProductName] => 
    [CancelAmount] => 
    [CancelTax] => 
    [PayMethod] => 
    [VaRequestAmount] => 
    [VaExpireDate] => 
    [VaTradeReason] => 
    [VaTradeClientName] => 
    [VaTradeClientMailaddress] => 
    [VaBankCode] => 
    [VaBankName] => 
    [VaBranchCode] => 
    [VaBranchName] => 
    [VaAccountType] => 
    [VaAccountNumber] => 
    [VaInInquiryNumber] => 
    [VaInSettlementDate] => 
    [VaInAmount] => 
    [VaInClientCode] => 
    [VaInClientName] => 
    [VaInSummary] => 
    [VaReserveID] => 
    [VaTradeCode] => 
    [SbStartChargeMonth] => 
    [SbChargeDay] => 
    [RcCustomerId] => 
    [RcUsePoint] => 
    [RcOrderId] => 
    [RcUpdateAuthDay] => 
    [RcUseCoupon] => 
    [RcUseShopCoupon] => 
    [RcContractId] => 
    [RcStartChargeMonth] => 
    [RcChargeDay] => 
    [RecurringID] => 
    [RecurringMethod] => 
    [RecurringChargeStartDate] => 
    [RecurringChargeStopDate] => 
    [RecurringChargeMonth] => 
    [RecurringChargeDay] => 
    [RecurringNextChargeDate] => 
    [BaSiteId] => 
    [BaMemberId] => 
    [BaTargetDate] => 
    [BaRequestAcceptEndDate] => 
    [BaTransferReturnDate] => 
    [BaWithdrawalDate] => 
    [BaResultcode] => 
    [PaidCancelAmount] => 
    [PaidCancelTax] => 
    [PaidBuyerID] => 
    [PaidCode] => 
    [PrecaNo] => 
    [PrecaSeq] => 
    [PrecaExpireDate] => 
    [ChargeType] => 
    [QuickID] => 
    [CampaignUrl] => 
    [DocomoAcceptCode] => 
    [PvFrontBillKey] => 
    [PvResultCode] => 
    [PvReceiptDatetime] => 
    [PvReceiptAgencyCode] => 
    [PvBarcode] => 
    [PvCvsCode] => 
    [PvCvsBranchCode] => 
    [PvPaymentAmount] => 
)
 from {210.197.108.196}
2017/09/07 16:25:25[{/index.php}] ******* Data Receiver end ******* from {210.197.108.196}
2017/09/07 16:25:25[{/index.php}] Receive OrderID = 370 from {210.197.108.196}
2017/09/07 16:25:29[{/index.php}] 1 from {210.197.108.196}
2017/09/07 16:25:34[{/index.php}] 1 from {210.197.108.196}
2017/09/07 16:35:03[{/index.php}] ******* Data Receiver start ******* from {210.197.108.196}
2017/09/07 16:35:03[{/index.php}] Array
(
    [ShopID] => tshop00029684
    [ShopPass] => **********
    [AccessID] => 1ed5871219a4c9006bfb01f9fe0cf990
    [AccessPass] => ********************************
    [OrderID] => 370-07154838
    [Status] => REQSUCCESS
    [JobCd] => 
    [Amount] => 14890
    [Tax] => 0
    [Currency] => JPN
    [Forward] => 
    [Method] => 
    [PayTimes] => 
    [TranID] => 17090700000003284410
    [Approve] => 
    [TranDate] => 20170907154838
    [ErrCode] => 
    [ErrInfo] => 
    [PayType] => 3
    [CvsCode] => 10002
    [CvsConfNo] => 12345
    [CvsReceiptNo] => FM4766918731
    [EdyReceiptNo] => 
    [EdyOrderNo] => 
    [SuicaReceiptNo] => 
    [SuicaOrderNo] => 
    [CustID] => 
    [BkCode] => 
    [ConfNo] => 
    [PaymentTerm] => 20170921235959
    [EncryptReceiptNo] => 
    [FinishDate] => 
    [ReceiptDate] => 20170907154838
    [PayeasyPaymentURL] => 
    [WebMoneyManagementNo] => 
    [WebMoneySettleCode] => 
    [AuPayInfoNo] => 
    [AuPayMethod] => 
    [AuCancelAmount] => 
    [AuCancelTax] => 
    [DocomoSettlementCode] => 
    [DocomoCancelAmount] => 
    [DocomoCancelTax] => 
    [DocomoIncreaseAmount] => 
    [DocomoIncreaseTax] => 
    [SbTrackingId] => 
    [SbCancelAmount] => 
    [SbCancelTax] => 
    [JibunReceiptNo] => 
    [AuFirstAmount] => 
    [AuFirstTax] => 
    [AuAccountMonth] => 
    [AuContinueAccountId] => 
    [JcbPrecaSalesCode] => 
    [RequestNo] => 
    [AccountNo] => 
    [CenterCode] => 
    [NetCashPayType] => 
    [OrderDate] => 
    [CompletionDate] => 
    [RakutenidCouponFee] => 
    [McpPayInDate] => 
    [McpPayInAmount] => 
    [McpPayOutDate] => 
    [McpPayOutAmount] => 
    [RED_REQ_ID] => 
    [RED_ORD_ID] => 
    [RED_STAT_CD] => 
    [RED_FRAUD_STAT_CD] => 
    [RED_FRAUD_RSP_CD] => 
    [RED_FRAUD_REC_ID] => 
    [ProductName] => 
    [CancelAmount] => 
    [CancelTax] => 
    [PayMethod] => 
    [VaRequestAmount] => 
    [VaExpireDate] => 
    [VaTradeReason] => 
    [VaTradeClientName] => 
    [VaTradeClientMailaddress] => 
    [VaBankCode] => 
    [VaBankName] => 
    [VaBranchCode] => 
    [VaBranchName] => 
    [VaAccountType] => 
    [VaAccountNumber] => 
    [VaInInquiryNumber] => 
    [VaInSettlementDate] => 
    [VaInAmount] => 
    [VaInClientCode] => 
    [VaInClientName] => 
    [VaInSummary] => 
    [VaReserveID] => 
    [VaTradeCode] => 
    [SbStartChargeMonth] => 
    [SbChargeDay] => 
    [RcCustomerId] => 
    [RcUsePoint] => 
    [RcOrderId] => 
    [RcUpdateAuthDay] => 
    [RcUseCoupon] => 
    [RcUseShopCoupon] => 
    [RcContractId] => 
    [RcStartChargeMonth] => 
    [RcChargeDay] => 
    [RecurringID] => 
    [RecurringMethod] => 
    [RecurringChargeStartDate] => 
    [RecurringChargeStopDate] => 
    [RecurringChargeMonth] => 
    [RecurringChargeDay] => 
    [RecurringNextChargeDate] => 
    [BaSiteId] => 
    [BaMemberId] => 
    [BaTargetDate] => 
    [BaRequestAcceptEndDate] => 
    [BaTransferReturnDate] => 
    [BaWithdrawalDate] => 
    [BaResultcode] => 
    [PaidCancelAmount] => 
    [PaidCancelTax] => 
    [PaidBuyerID] => 
    [PaidCode] => 
    [PrecaNo] => 
    [PrecaSeq] => 
    [PrecaExpireDate] => 
    [ChargeType] => 
    [QuickID] => 
    [CampaignUrl] => 
    [DocomoAcceptCode] => 
    [PvFrontBillKey] => 
    [PvResultCode] => 
    [PvReceiptDatetime] => 
    [PvReceiptAgencyCode] => 
    [PvBarcode] => 
    [PvCvsCode] => 
    [PvCvsBranchCode] => 
    [PvPaymentAmount] => 
)
 from {210.197.108.196}
2017/09/07 16:35:03[{/index.php}] ******* Data Receiver end ******* from {210.197.108.196}
2017/09/07 16:35:03[{/index.php}] Receive OrderID = 370 from {210.197.108.196}
2017/09/07 16:35:12[{/index.php}] 1 from {210.197.108.196}
2017/09/07 16:35:17[{/index.php}] ******* Data Receiver start ******* from {210.197.108.196}
2017/09/07 16:35:17[{/index.php}] Array
(
    [ShopID] => tshop00029684
    [ShopPass] => **********
    [AccessID] => 154b2ee10563f9419b9d3d85909760b9
    [AccessPass] => ********************************
    [OrderID] => 370-07160829
    [Status] => REQSUCCESS
    [JobCd] => 
    [Amount] => 14890
    [Tax] => 0
    [Currency] => JPN
    [Forward] => 
    [Method] => 
    [PayTimes] => 
    [TranID] => 17090700000003284561
    [Approve] => 
    [TranDate] => 20170907160830
    [ErrCode] => 
    [ErrInfo] => 
    [PayType] => 3
    [CvsCode] => 10005
    [CvsConfNo] => 9954
    [CvsReceiptNo] => LW172500057505
    [EdyReceiptNo] => 
    [EdyOrderNo] => 
    [SuicaReceiptNo] => 
    [SuicaOrderNo] => 
    [CustID] => 
    [BkCode] => 
    [ConfNo] => 
    [PaymentTerm] => 20170921235959
    [EncryptReceiptNo] => 
    [FinishDate] => 
    [ReceiptDate] => 20170907160830
    [PayeasyPaymentURL] => 
    [WebMoneyManagementNo] => 
    [WebMoneySettleCode] => 
    [AuPayInfoNo] => 
    [AuPayMethod] => 
    [AuCancelAmount] => 
    [AuCancelTax] => 
    [DocomoSettlementCode] => 
    [DocomoCancelAmount] => 
    [DocomoCancelTax] => 
    [DocomoIncreaseAmount] => 
    [DocomoIncreaseTax] => 
    [SbTrackingId] => 
    [SbCancelAmount] => 
    [SbCancelTax] => 
    [JibunReceiptNo] => 
    [AuFirstAmount] => 
    [AuFirstTax] => 
    [AuAccountMonth] => 
    [AuContinueAccountId] => 
    [JcbPrecaSalesCode] => 
    [RequestNo] => 
    [AccountNo] => 
    [CenterCode] => 
    [NetCashPayType] => 
    [OrderDate] => 
    [CompletionDate] => 
    [RakutenidCouponFee] => 
    [McpPayInDate] => 
    [McpPayInAmount] => 
    [McpPayOutDate] => 
    [McpPayOutAmount] => 
    [RED_REQ_ID] => 
    [RED_ORD_ID] => 
    [RED_STAT_CD] => 
    [RED_FRAUD_STAT_CD] => 
    [RED_FRAUD_RSP_CD] => 
    [RED_FRAUD_REC_ID] => 
    [ProductName] => 
    [CancelAmount] => 
    [CancelTax] => 
    [PayMethod] => 
    [VaRequestAmount] => 
    [VaExpireDate] => 
    [VaTradeReason] => 
    [VaTradeClientName] => 
    [VaTradeClientMailaddress] => 
    [VaBankCode] => 
    [VaBankName] => 
    [VaBranchCode] => 
    [VaBranchName] => 
    [VaAccountType] => 
    [VaAccountNumber] => 
    [VaInInquiryNumber] => 
    [VaInSettlementDate] => 
    [VaInAmount] => 
    [VaInClientCode] => 
    [VaInClientName] => 
    [VaInSummary] => 
    [VaReserveID] => 
    [VaTradeCode] => 
    [SbStartChargeMonth] => 
    [SbChargeDay] => 
    [RcCustomerId] => 
    [RcUsePoint] => 
    [RcOrderId] => 
    [RcUpdateAuthDay] => 
    [RcUseCoupon] => 
    [RcUseShopCoupon] => 
    [RcContractId] => 
    [RcStartChargeMonth] => 
    [RcChargeDay] => 
    [RecurringID] => 
    [RecurringMethod] => 
    [RecurringChargeStartDate] => 
    [RecurringChargeStopDate] => 
    [RecurringChargeMonth] => 
    [RecurringChargeDay] => 
    [RecurringNextChargeDate] => 
    [BaSiteId] => 
    [BaMemberId] => 
    [BaTargetDate] => 
    [BaRequestAcceptEndDate] => 
    [BaTransferReturnDate] => 
    [BaWithdrawalDate] => 
    [BaResultcode] => 
    [PaidCancelAmount] => 
    [PaidCancelTax] => 
    [PaidBuyerID] => 
    [PaidCode] => 
    [PrecaNo] => 
    [PrecaSeq] => 
    [PrecaExpireDate] => 
    [ChargeType] => 
    [QuickID] => 
    [CampaignUrl] => 
    [DocomoAcceptCode] => 
    [PvFrontBillKey] => 
    [PvResultCode] => 
    [PvReceiptDatetime] => 
    [PvReceiptAgencyCode] => 
    [PvBarcode] => 
    [PvCvsCode] => 
    [PvCvsBranchCode] => 
    [PvPaymentAmount] => 
)
 from {210.197.108.196}
2017/09/07 16:35:17[{/index.php}] ******* Data Receiver end ******* from {210.197.108.196}
2017/09/07 16:35:17[{/index.php}] Receive OrderID = 370 from {210.197.108.196}
2017/09/07 16:35:22[{/index.php}] ******* Data Receiver start ******* from {210.197.108.196}
2017/09/07 16:35:22[{/index.php}] Array
(
    [ShopID] => tshop00029684
    [ShopPass] => **********
    [AccessID] => 1f4c93ec66a150267dcd2bf94187b229
    [AccessPass] => ********************************
    [OrderID] => 370-07154849
    [Status] => REQSUCCESS
    [JobCd] => 
    [Amount] => 14890
    [Tax] => 0
    [Currency] => JPN
    [Forward] => 
    [Method] => 
    [PayTimes] => 
    [TranID] => 17090700000003284414
    [Approve] => 
    [TranDate] => 20170907154850
    [ErrCode] => 
    [ErrInfo] => 
    [PayType] => 3
    [CvsCode] => 10001
    [CvsConfNo] => 8452
    [CvsReceiptNo] => LW172500057499
    [EdyReceiptNo] => 
    [EdyOrderNo] => 
    [SuicaReceiptNo] => 
    [SuicaOrderNo] => 
    [CustID] => 
    [BkCode] => 
    [ConfNo] => 
    [PaymentTerm] => 20170921235959
    [EncryptReceiptNo] => 
    [FinishDate] => 
    [ReceiptDate] => 20170907154850
    [PayeasyPaymentURL] => 
    [WebMoneyManagementNo] => 
    [WebMoneySettleCode] => 
    [AuPayInfoNo] => 
    [AuPayMethod] => 
    [AuCancelAmount] => 
    [AuCancelTax] => 
    [DocomoSettlementCode] => 
    [DocomoCancelAmount] => 
    [DocomoCancelTax] => 
    [DocomoIncreaseAmount] => 
    [DocomoIncreaseTax] => 
    [SbTrackingId] => 
    [SbCancelAmount] => 
    [SbCancelTax] => 
    [JibunReceiptNo] => 
    [AuFirstAmount] => 
    [AuFirstTax] => 
    [AuAccountMonth] => 
    [AuContinueAccountId] => 
    [JcbPrecaSalesCode] => 
    [RequestNo] => 
    [AccountNo] => 
    [CenterCode] => 
    [NetCashPayType] => 
    [OrderDate] => 
    [CompletionDate] => 
    [RakutenidCouponFee] => 
    [McpPayInDate] => 
    [McpPayInAmount] => 
    [McpPayOutDate] => 
    [McpPayOutAmount] => 
    [RED_REQ_ID] => 
    [RED_ORD_ID] => 
    [RED_STAT_CD] => 
    [RED_FRAUD_STAT_CD] => 
    [RED_FRAUD_RSP_CD] => 
    [RED_FRAUD_REC_ID] => 
    [ProductName] => 
    [CancelAmount] => 
    [CancelTax] => 
    [PayMethod] => 
    [VaRequestAmount] => 
    [VaExpireDate] => 
    [VaTradeReason] => 
    [VaTradeClientName] => 
    [VaTradeClientMailaddress] => 
    [VaBankCode] => 
    [VaBankName] => 
    [VaBranchCode] => 
    [VaBranchName] => 
    [VaAccountType] => 
    [VaAccountNumber] => 
    [VaInInquiryNumber] => 
    [VaInSettlementDate] => 
    [VaInAmount] => 
    [VaInClientCode] => 
    [VaInClientName] => 
    [VaInSummary] => 
    [VaReserveID] => 
    [VaTradeCode] => 
    [SbStartChargeMonth] => 
    [SbChargeDay] => 
    [RcCustomerId] => 
    [RcUsePoint] => 
    [RcOrderId] => 
    [RcUpdateAuthDay] => 
    [RcUseCoupon] => 
    [RcUseShopCoupon] => 
    [RcContractId] => 
    [RcStartChargeMonth] => 
    [RcChargeDay] => 
    [RecurringID] => 
    [RecurringMethod] => 
    [RecurringChargeStartDate] => 
    [RecurringChargeStopDate] => 
    [RecurringChargeMonth] => 
    [RecurringChargeDay] => 
    [RecurringNextChargeDate] => 
    [BaSiteId] => 
    [BaMemberId] => 
    [BaTargetDate] => 
    [BaRequestAcceptEndDate] => 
    [BaTransferReturnDate] => 
    [BaWithdrawalDate] => 
    [BaResultcode] => 
    [PaidCancelAmount] => 
    [PaidCancelTax] => 
    [PaidBuyerID] => 
    [PaidCode] => 
    [PrecaNo] => 
    [PrecaSeq] => 
    [PrecaExpireDate] => 
    [ChargeType] => 
    [QuickID] => 
    [CampaignUrl] => 
    [DocomoAcceptCode] => 
    [PvFrontBillKey] => 
    [PvResultCode] => 
    [PvReceiptDatetime] => 
    [PvReceiptAgencyCode] => 
    [PvBarcode] => 
    [PvCvsCode] => 
    [PvCvsBranchCode] => 
    [PvPaymentAmount] => 
)
 from {210.197.108.196}
2017/09/07 16:35:22[{/index.php}] ******* Data Receiver end ******* from {210.197.108.196}
2017/09/07 16:35:22[{/index.php}] Receive OrderID = 370 from {210.197.108.196}
2017/09/07 16:35:26[{/index.php}] 1 from {210.197.108.196}
2017/09/07 16:35:31[{/index.php}] 1 from {210.197.108.196}
2017/09/07 16:45:12[{/index.php}] ******* Data Receiver start ******* from {210.197.108.196}
2017/09/07 16:45:12[{/index.php}] Array
(
    [ShopID] => tshop00029684
    [ShopPass] => **********
    [AccessID] => 154b2ee10563f9419b9d3d85909760b9
    [AccessPass] => ********************************
    [OrderID] => 370-07160829
    [Status] => REQSUCCESS
    [JobCd] => 
    [Amount] => 14890
    [Tax] => 0
    [Currency] => JPN
    [Forward] => 
    [Method] => 
    [PayTimes] => 
    [TranID] => 17090700000003284561
    [Approve] => 
    [TranDate] => 20170907160830
    [ErrCode] => 
    [ErrInfo] => 
    [PayType] => 3
    [CvsCode] => 10005
    [CvsConfNo] => 9954
    [CvsReceiptNo] => LW172500057505
    [EdyReceiptNo] => 
    [EdyOrderNo] => 
    [SuicaReceiptNo] => 
    [SuicaOrderNo] => 
    [CustID] => 
    [BkCode] => 
    [ConfNo] => 
    [PaymentTerm] => 20170921235959
    [EncryptReceiptNo] => 
    [FinishDate] => 
    [ReceiptDate] => 20170907160830
    [PayeasyPaymentURL] => 
    [WebMoneyManagementNo] => 
    [WebMoneySettleCode] => 
    [AuPayInfoNo] => 
    [AuPayMethod] => 
    [AuCancelAmount] => 
    [AuCancelTax] => 
    [DocomoSettlementCode] => 
    [DocomoCancelAmount] => 
    [DocomoCancelTax] => 
    [DocomoIncreaseAmount] => 
    [DocomoIncreaseTax] => 
    [SbTrackingId] => 
    [SbCancelAmount] => 
    [SbCancelTax] => 
    [JibunReceiptNo] => 
    [AuFirstAmount] => 
    [AuFirstTax] => 
    [AuAccountMonth] => 
    [AuContinueAccountId] => 
    [JcbPrecaSalesCode] => 
    [RequestNo] => 
    [AccountNo] => 
    [CenterCode] => 
    [NetCashPayType] => 
    [OrderDate] => 
    [CompletionDate] => 
    [RakutenidCouponFee] => 
    [McpPayInDate] => 
    [McpPayInAmount] => 
    [McpPayOutDate] => 
    [McpPayOutAmount] => 
    [RED_REQ_ID] => 
    [RED_ORD_ID] => 
    [RED_STAT_CD] => 
    [RED_FRAUD_STAT_CD] => 
    [RED_FRAUD_RSP_CD] => 
    [RED_FRAUD_REC_ID] => 
    [ProductName] => 
    [CancelAmount] => 
    [CancelTax] => 
    [PayMethod] => 
    [VaRequestAmount] => 
    [VaExpireDate] => 
    [VaTradeReason] => 
    [VaTradeClientName] => 
    [VaTradeClientMailaddress] => 
    [VaBankCode] => 
    [VaBankName] => 
    [VaBranchCode] => 
    [VaBranchName] => 
    [VaAccountType] => 
    [VaAccountNumber] => 
    [VaInInquiryNumber] => 
    [VaInSettlementDate] => 
    [VaInAmount] => 
    [VaInClientCode] => 
    [VaInClientName] => 
    [VaInSummary] => 
    [VaReserveID] => 
    [VaTradeCode] => 
    [SbStartChargeMonth] => 
    [SbChargeDay] => 
    [RcCustomerId] => 
    [RcUsePoint] => 
    [RcOrderId] => 
    [RcUpdateAuthDay] => 
    [RcUseCoupon] => 
    [RcUseShopCoupon] => 
    [RcContractId] => 
    [RcStartChargeMonth] => 
    [RcChargeDay] => 
    [RecurringID] => 
    [RecurringMethod] => 
    [RecurringChargeStartDate] => 
    [RecurringChargeStopDate] => 
    [RecurringChargeMonth] => 
    [RecurringChargeDay] => 
    [RecurringNextChargeDate] => 
    [BaSiteId] => 
    [BaMemberId] => 
    [BaTargetDate] => 
    [BaRequestAcceptEndDate] => 
    [BaTransferReturnDate] => 
    [BaWithdrawalDate] => 
    [BaResultcode] => 
    [PaidCancelAmount] => 
    [PaidCancelTax] => 
    [PaidBuyerID] => 
    [PaidCode] => 
    [PrecaNo] => 
    [PrecaSeq] => 
    [PrecaExpireDate] => 
    [ChargeType] => 
    [QuickID] => 
    [CampaignUrl] => 
    [DocomoAcceptCode] => 
    [PvFrontBillKey] => 
    [PvResultCode] => 
    [PvReceiptDatetime] => 
    [PvReceiptAgencyCode] => 
    [PvBarcode] => 
    [PvCvsCode] => 
    [PvCvsBranchCode] => 
    [PvPaymentAmount] => 
)
 from {210.197.108.196}
2017/09/07 16:45:12[{/index.php}] ******* Data Receiver end ******* from {210.197.108.196}
2017/09/07 16:45:12[{/index.php}] Receive OrderID = 370 from {210.197.108.196}
2017/09/07 16:45:22[{/index.php}] 1 from {210.197.108.196}
2017/09/07 16:55:12[{/index.php}] ******* Data Receiver start ******* from {210.197.108.196}
2017/09/07 16:55:12[{/index.php}] Array
(
    [ShopID] => tshop00029684
    [ShopPass] => **********
    [AccessID] => 154b2ee10563f9419b9d3d85909760b9
    [AccessPass] => ********************************
    [OrderID] => 370-07160829
    [Status] => REQSUCCESS
    [JobCd] => 
    [Amount] => 14890
    [Tax] => 0
    [Currency] => JPN
    [Forward] => 
    [Method] => 
    [PayTimes] => 
    [TranID] => 17090700000003284561
    [Approve] => 
    [TranDate] => 20170907160830
    [ErrCode] => 
    [ErrInfo] => 
    [PayType] => 3
    [CvsCode] => 10005
    [CvsConfNo] => 9954
    [CvsReceiptNo] => LW172500057505
    [EdyReceiptNo] => 
    [EdyOrderNo] => 
    [SuicaReceiptNo] => 
    [SuicaOrderNo] => 
    [CustID] => 
    [BkCode] => 
    [ConfNo] => 
    [PaymentTerm] => 20170921235959
    [EncryptReceiptNo] => 
    [FinishDate] => 
    [ReceiptDate] => 20170907160830
    [PayeasyPaymentURL] => 
    [WebMoneyManagementNo] => 
    [WebMoneySettleCode] => 
    [AuPayInfoNo] => 
    [AuPayMethod] => 
    [AuCancelAmount] => 
    [AuCancelTax] => 
    [DocomoSettlementCode] => 
    [DocomoCancelAmount] => 
    [DocomoCancelTax] => 
    [DocomoIncreaseAmount] => 
    [DocomoIncreaseTax] => 
    [SbTrackingId] => 
    [SbCancelAmount] => 
    [SbCancelTax] => 
    [JibunReceiptNo] => 
    [AuFirstAmount] => 
    [AuFirstTax] => 
    [AuAccountMonth] => 
    [AuContinueAccountId] => 
    [JcbPrecaSalesCode] => 
    [RequestNo] => 
    [AccountNo] => 
    [CenterCode] => 
    [NetCashPayType] => 
    [OrderDate] => 
    [CompletionDate] => 
    [RakutenidCouponFee] => 
    [McpPayInDate] => 
    [McpPayInAmount] => 
    [McpPayOutDate] => 
    [McpPayOutAmount] => 
    [RED_REQ_ID] => 
    [RED_ORD_ID] => 
    [RED_STAT_CD] => 
    [RED_FRAUD_STAT_CD] => 
    [RED_FRAUD_RSP_CD] => 
    [RED_FRAUD_REC_ID] => 
    [ProductName] => 
    [CancelAmount] => 
    [CancelTax] => 
    [PayMethod] => 
    [VaRequestAmount] => 
    [VaExpireDate] => 
    [VaTradeReason] => 
    [VaTradeClientName] => 
    [VaTradeClientMailaddress] => 
    [VaBankCode] => 
    [VaBankName] => 
    [VaBranchCode] => 
    [VaBranchName] => 
    [VaAccountType] => 
    [VaAccountNumber] => 
    [VaInInquiryNumber] => 
    [VaInSettlementDate] => 
    [VaInAmount] => 
    [VaInClientCode] => 
    [VaInClientName] => 
    [VaInSummary] => 
    [VaReserveID] => 
    [VaTradeCode] => 
    [SbStartChargeMonth] => 
    [SbChargeDay] => 
    [RcCustomerId] => 
    [RcUsePoint] => 
    [RcOrderId] => 
    [RcUpdateAuthDay] => 
    [RcUseCoupon] => 
    [RcUseShopCoupon] => 
    [RcContractId] => 
    [RcStartChargeMonth] => 
    [RcChargeDay] => 
    [RecurringID] => 
    [RecurringMethod] => 
    [RecurringChargeStartDate] => 
    [RecurringChargeStopDate] => 
    [RecurringChargeMonth] => 
    [RecurringChargeDay] => 
    [RecurringNextChargeDate] => 
    [BaSiteId] => 
    [BaMemberId] => 
    [BaTargetDate] => 
    [BaRequestAcceptEndDate] => 
    [BaTransferReturnDate] => 
    [BaWithdrawalDate] => 
    [BaResultcode] => 
    [PaidCancelAmount] => 
    [PaidCancelTax] => 
    [PaidBuyerID] => 
    [PaidCode] => 
    [PrecaNo] => 
    [PrecaSeq] => 
    [PrecaExpireDate] => 
    [ChargeType] => 
    [QuickID] => 
    [CampaignUrl] => 
    [DocomoAcceptCode] => 
    [PvFrontBillKey] => 
    [PvResultCode] => 
    [PvReceiptDatetime] => 
    [PvReceiptAgencyCode] => 
    [PvBarcode] => 
    [PvCvsCode] => 
    [PvCvsBranchCode] => 
    [PvPaymentAmount] => 
)
 from {210.197.108.196}
2017/09/07 16:55:12[{/index.php}] ******* Data Receiver end ******* from {210.197.108.196}
2017/09/07 16:55:12[{/index.php}] Receive OrderID = 370 from {210.197.108.196}
2017/09/07 16:55:21[{/index.php}] 1 from {210.197.108.196}
